2018-03-15 14:42:30 LogFactory.java DEBUG Logging initialized using 'class org.apache.ibatis.logging.log4j.Log4jImpl' adapter.
2018-03-15 14:42:31 LogFactory.java DEBUG Logging initialized using 'class org.apache.ibatis.logging.log4j.Log4jImpl' adapter.
2018-03-15 14:42:31 PooledDataSource.java DEBUG PooledDataSource forcefully closed/removed all connections.
2018-03-15 14:42:31 PooledDataSource.java DEBUG PooledDataSource forcefully closed/removed all connections.
2018-03-15 14:42:31 PooledDataSource.java DEBUG PooledDataSource forcefully closed/removed all connections.
2018-03-15 14:42:31 PooledDataSource.java DEBUG PooledDataSource forcefully closed/removed all connections.
2018-03-15 14:43:31 LogFactory.java DEBUG Logging initialized using 'class org.apache.ibatis.logging.log4j.Log4jImpl' adapter.
2018-03-15 14:43:31 LogFactory.java DEBUG Logging initialized using 'class org.apache.ibatis.logging.log4j.Log4jImpl' adapter.
2018-03-15 14:43:31 PooledDataSource.java DEBUG PooledDataSource forcefully closed/removed all connections.
2018-03-15 14:43:31 PooledDataSource.java DEBUG PooledDataSource forcefully closed/removed all connections.
2018-03-15 14:43:31 PooledDataSource.java DEBUG PooledDataSource forcefully closed/removed all connections.
2018-03-15 14:43:31 PooledDataSource.java DEBUG PooledDataSource forcefully closed/removed all connections.
2018-03-15 14:45:12 LogFactory.java DEBUG Logging initialized using 'class org.apache.ibatis.logging.log4j.Log4jImpl' adapter.
2018-03-15 14:45:12 LogFactory.java DEBUG Logging initialized using 'class org.apache.ibatis.logging.log4j.Log4jImpl' adapter.
2018-03-15 14:45:12 PooledDataSource.java DEBUG PooledDataSource forcefully closed/removed all connections.
2018-03-15 14:45:12 PooledDataSource.java DEBUG PooledDataSource forcefully closed/removed all connections.
2018-03-15 14:45:12 PooledDataSource.java DEBUG PooledDataSource forcefully closed/removed all connections.
2018-03-15 14:45:12 PooledDataSource.java DEBUG PooledDataSource forcefully closed/removed all connections.
2018-03-15 14:46:13 LogFactory.java DEBUG Logging initialized using 'class org.apache.ibatis.logging.log4j.Log4jImpl' adapter.
2018-03-15 14:46:13 LogFactory.java DEBUG Logging initialized using 'class org.apache.ibatis.logging.log4j.Log4jImpl' adapter.
2018-03-15 14:46:13 PooledDataSource.java DEBUG PooledDataSource forcefully closed/removed all connections.
2018-03-15 14:46:13 PooledDataSource.java DEBUG PooledDataSource forcefully closed/removed all connections.
2018-03-15 14:46:13 PooledDataSource.java DEBUG PooledDataSource forcefully closed/removed all connections.
2018-03-15 14:46:13 PooledDataSource.java DEBUG PooledDataSource forcefully closed/removed all connections.
2018-03-15 14:47:07 LogFactory.java DEBUG Logging initialized using 'class org.apache.ibatis.logging.log4j.Log4jImpl' adapter.
2018-03-15 14:47:08 LogFactory.java DEBUG Logging initialized using 'class org.apache.ibatis.logging.log4j.Log4jImpl' adapter.
2018-03-15 14:47:08 PooledDataSource.java DEBUG PooledDataSource forcefully closed/removed all connections.
2018-03-15 14:47:08 PooledDataSource.java DEBUG PooledDataSource forcefully closed/removed all connections.
2018-03-15 14:47:08 PooledDataSource.java DEBUG PooledDataSource forcefully closed/removed all connections.
2018-03-15 14:47:08 PooledDataSource.java DEBUG PooledDataSource forcefully closed/removed all connections.
2018-03-15 14:48:52 LogFactory.java DEBUG Logging initialized using 'class org.apache.ibatis.logging.log4j.Log4jImpl' adapter.
2018-03-15 14:48:52 LogFactory.java DEBUG Logging initialized using 'class org.apache.ibatis.logging.log4j.Log4jImpl' adapter.
2018-03-15 14:48:52 PooledDataSource.java DEBUG PooledDataSource forcefully closed/removed all connections.
2018-03-15 14:48:52 PooledDataSource.java DEBUG PooledDataSource forcefully closed/removed all connections.
2018-03-15 14:48:52 PooledDataSource.java DEBUG PooledDataSource forcefully closed/removed all connections.
2018-03-15 14:48:52 PooledDataSource.java DEBUG PooledDataSource forcefully closed/removed all connections.
2018-03-15 14:49:17 LogFactory.java DEBUG Logging initialized using 'class org.apache.ibatis.logging.log4j.Log4jImpl' adapter.
2018-03-15 14:49:17 LogFactory.java DEBUG Logging initialized using 'class org.apache.ibatis.logging.log4j.Log4jImpl' adapter.
2018-03-15 14:49:17 PooledDataSource.java DEBUG PooledDataSource forcefully closed/removed all connections.
2018-03-15 14:49:17 PooledDataSource.java DEBUG PooledDataSource forcefully closed/removed all connections.
2018-03-15 14:49:17 PooledDataSource.java DEBUG PooledDataSource forcefully closed/removed all connections.
2018-03-15 14:49:17 PooledDataSource.java DEBUG PooledDataSource forcefully closed/removed all connections.
2018-03-15 14:49:17 JdbcTransaction.java DEBUG Openning JDBC Connection
2018-03-15 14:51:28 LogFactory.java DEBUG Logging initialized using 'class org.apache.ibatis.logging.log4j.Log4jImpl' adapter.
2018-03-15 14:51:28 LogFactory.java DEBUG Logging initialized using 'class org.apache.ibatis.logging.log4j.Log4jImpl' adapter.
2018-03-15 14:51:28 PooledDataSource.java DEBUG PooledDataSource forcefully closed/removed all connections.
2018-03-15 14:51:28 PooledDataSource.java DEBUG PooledDataSource forcefully closed/removed all connections.
2018-03-15 14:51:28 PooledDataSource.java DEBUG PooledDataSource forcefully closed/removed all connections.
2018-03-15 14:51:28 PooledDataSource.java DEBUG PooledDataSource forcefully closed/removed all connections.
2018-03-15 14:51:28 JdbcTransaction.java DEBUG Openning JDBC Connection
2018-03-15 14:51:29 PooledDataSource.java DEBUG Created connection 29028063.
2018-03-15 14:51:29 BaseJdbcLogger.java DEBUG ooo Using Connection [com.mysql.jdbc.Connection@1baeedf]
2018-03-15 14:51:29 BaseJdbcLogger.java DEBUG ==>  Preparing: insert into tb_user (name,sex,age) values (?,?,?) 
2018-03-15 14:51:29 BaseJdbcLogger.java DEBUG ==> Parameters: ass.(String), 男(String), 23(Integer)
2018-03-15 14:51:29 JdbcTransaction.java DEBUG Committing JDBC Connection [com.mysql.jdbc.Connection@1baeedf]
2018-03-15 14:51:29 JdbcTransaction.java DEBUG Resetting autocommit to true on JDBC Connection [com.mysql.jdbc.Connection@1baeedf]
2018-03-15 14:51:29 JdbcTransaction.java DEBUG Closing JDBC Connection [com.mysql.jdbc.Connection@1baeedf]
2018-03-15 14:51:29 PooledDataSource.java DEBUG Returned connection 29028063 to pool.
2018-03-16 10:30:24 LogFactory.java DEBUG Logging initialized using 'class org.apache.ibatis.logging.log4j.Log4jImpl' adapter.
2018-03-16 10:30:24 LogFactory.java DEBUG Logging initialized using 'class org.apache.ibatis.logging.log4j.Log4jImpl' adapter.
2018-03-16 10:30:24 PooledDataSource.java DEBUG PooledDataSource forcefully closed/removed all connections.
2018-03-16 10:30:24 PooledDataSource.java DEBUG PooledDataSource forcefully closed/removed all connections.
2018-03-16 10:30:24 PooledDataSource.java DEBUG PooledDataSource forcefully closed/removed all connections.
2018-03-16 10:30:24 PooledDataSource.java DEBUG PooledDataSource forcefully closed/removed all connections.
2018-03-16 10:33:39 LogFactory.java DEBUG Logging initialized using 'class org.apache.ibatis.logging.log4j.Log4jImpl' adapter.
2018-03-16 10:33:39 LogFactory.java DEBUG Logging initialized using 'class org.apache.ibatis.logging.log4j.Log4jImpl' adapter.
2018-03-16 10:33:39 PooledDataSource.java DEBUG PooledDataSource forcefully closed/removed all connections.
2018-03-16 10:33:39 PooledDataSource.java DEBUG PooledDataSource forcefully closed/removed all connections.
2018-03-16 10:33:39 PooledDataSource.java DEBUG PooledDataSource forcefully closed/removed all connections.
2018-03-16 10:33:39 PooledDataSource.java DEBUG PooledDataSource forcefully closed/removed all connections.
2018-03-16 10:34:54 LogFactory.java DEBUG Logging initialized using 'class org.apache.ibatis.logging.log4j.Log4jImpl' adapter.
2018-03-16 10:34:54 LogFactory.java DEBUG Logging initialized using 'class org.apache.ibatis.logging.log4j.Log4jImpl' adapter.
2018-03-16 10:34:54 PooledDataSource.java DEBUG PooledDataSource forcefully closed/removed all connections.
2018-03-16 10:34:54 PooledDataSource.java DEBUG PooledDataSource forcefully closed/removed all connections.
2018-03-16 10:34:54 PooledDataSource.java DEBUG PooledDataSource forcefully closed/removed all connections.
2018-03-16 10:34:54 PooledDataSource.java DEBUG PooledDataSource forcefully closed/removed all connections.
2018-03-16 10:39:32 LogFactory.java DEBUG Logging initialized using 'class org.apache.ibatis.logging.log4j.Log4jImpl' adapter.
2018-03-16 10:39:32 LogFactory.java DEBUG Logging initialized using 'class org.apache.ibatis.logging.log4j.Log4jImpl' adapter.
2018-03-16 10:39:32 PooledDataSource.java DEBUG PooledDataSource forcefully closed/removed all connections.
2018-03-16 10:39:32 PooledDataSource.java DEBUG PooledDataSource forcefully closed/removed all connections.
2018-03-16 10:39:32 PooledDataSource.java DEBUG PooledDataSource forcefully closed/removed all connections.
2018-03-16 10:39:32 PooledDataSource.java DEBUG PooledDataSource forcefully closed/removed all connections.
2018-03-16 11:11:39 LogFactory.java DEBUG Logging initialized using 'class org.apache.ibatis.logging.log4j.Log4jImpl' adapter.
2018-03-16 11:11:39 LogFactory.java DEBUG Logging initialized using 'class org.apache.ibatis.logging.log4j.Log4jImpl' adapter.
2018-03-16 11:11:39 PooledDataSource.java DEBUG PooledDataSource forcefully closed/removed all connections.
2018-03-16 11:11:39 PooledDataSource.java DEBUG PooledDataSource forcefully closed/removed all connections.
2018-03-16 11:11:39 PooledDataSource.java DEBUG PooledDataSource forcefully closed/removed all connections.
2018-03-16 11:11:39 PooledDataSource.java DEBUG PooledDataSource forcefully closed/removed all connections.
2018-03-16 11:15:13 LogFactory.java DEBUG Logging initialized using 'class org.apache.ibatis.logging.log4j.Log4jImpl' adapter.
2018-03-16 11:15:13 LogFactory.java DEBUG Logging initialized using 'class org.apache.ibatis.logging.log4j.Log4jImpl' adapter.
2018-03-16 11:15:13 PooledDataSource.java DEBUG PooledDataSource forcefully closed/removed all connections.
2018-03-16 11:15:13 PooledDataSource.java DEBUG PooledDataSource forcefully closed/removed all connections.
2018-03-16 11:15:13 PooledDataSource.java DEBUG PooledDataSource forcefully closed/removed all connections.
2018-03-16 11:15:13 PooledDataSource.java DEBUG PooledDataSource forcefully closed/removed all connections.
2018-03-16 11:18:40 LogFactory.java DEBUG Logging initialized using 'class org.apache.ibatis.logging.log4j.Log4jImpl' adapter.
2018-03-16 11:18:40 LogFactory.java DEBUG Logging initialized using 'class org.apache.ibatis.logging.log4j.Log4jImpl' adapter.
2018-03-16 11:18:40 PooledDataSource.java DEBUG PooledDataSource forcefully closed/removed all connections.
2018-03-16 11:18:40 PooledDataSource.java DEBUG PooledDataSource forcefully closed/removed all connections.
2018-03-16 11:18:40 PooledDataSource.java DEBUG PooledDataSource forcefully closed/removed all connections.
2018-03-16 11:18:40 PooledDataSource.java DEBUG PooledDataSource forcefully closed/removed all connections.
2018-03-16 11:26:24 LogFactory.java DEBUG Logging initialized using 'class org.apache.ibatis.logging.log4j.Log4jImpl' adapter.
2018-03-16 11:26:24 LogFactory.java DEBUG Logging initialized using 'class org.apache.ibatis.logging.log4j.Log4jImpl' adapter.
2018-03-16 11:26:24 PooledDataSource.java DEBUG PooledDataSource forcefully closed/removed all connections.
2018-03-16 11:26:24 PooledDataSource.java DEBUG PooledDataSource forcefully closed/removed all connections.
2018-03-16 11:26:24 PooledDataSource.java DEBUG PooledDataSource forcefully closed/removed all connections.
2018-03-16 11:26:24 PooledDataSource.java DEBUG PooledDataSource forcefully closed/removed all connections.
2018-03-16 11:26:24 JdbcTransaction.java DEBUG Openning JDBC Connection
2018-03-16 11:26:24 PooledDataSource.java DEBUG Created connection 30061849.
2018-03-16 11:26:24 BaseJdbcLogger.java DEBUG ooo Using Connection [com.mysql.jdbc.Connection@1cab519]
2018-03-16 11:26:24 BaseJdbcLogger.java DEBUG ==>  Preparing: select * from student where id=2 
2018-03-16 11:26:25 BaseJdbcLogger.java DEBUG ==> Parameters: 
2018-03-16 11:26:25 JdbcTransaction.java DEBUG Resetting autocommit to true on JDBC Connection [com.mysql.jdbc.Connection@1cab519]
2018-03-16 11:26:25 JdbcTransaction.java DEBUG Closing JDBC Connection [com.mysql.jdbc.Connection@1cab519]
2018-03-16 11:26:25 PooledDataSource.java DEBUG Returned connection 30061849 to pool.
2018-03-17 11:30:05 LogFactory.java DEBUG Logging initialized using 'class org.apache.ibatis.logging.log4j.Log4jImpl' adapter.
2018-03-17 11:30:05 LogFactory.java DEBUG Logging initialized using 'class org.apache.ibatis.logging.log4j.Log4jImpl' adapter.
2018-03-17 11:30:05 PooledDataSource.java DEBUG PooledDataSource forcefully closed/removed all connections.
2018-03-17 11:30:05 PooledDataSource.java DEBUG PooledDataSource forcefully closed/removed all connections.
2018-03-17 11:30:05 PooledDataSource.java DEBUG PooledDataSource forcefully closed/removed all connections.
2018-03-17 11:30:05 PooledDataSource.java DEBUG PooledDataSource forcefully closed/removed all connections.
2018-03-17 11:30:05 JdbcTransaction.java DEBUG Openning JDBC Connection
2018-03-17 11:30:05 PooledDataSource.java DEBUG Created connection 30061849.
2018-03-17 11:30:05 BaseJdbcLogger.java DEBUG ooo Using Connection [com.mysql.jdbc.Connection@1cab519]
2018-03-17 11:30:05 BaseJdbcLogger.java DEBUG ==>  Preparing: select * from tb_book 
2018-03-17 11:30:05 BaseJdbcLogger.java DEBUG ==> Parameters: 
2018-03-17 11:31:56 LogFactory.java DEBUG Logging initialized using 'class org.apache.ibatis.logging.log4j.Log4jImpl' adapter.
2018-03-17 11:31:56 LogFactory.java DEBUG Logging initialized using 'class org.apache.ibatis.logging.log4j.Log4jImpl' adapter.
2018-03-17 11:31:56 PooledDataSource.java DEBUG PooledDataSource forcefully closed/removed all connections.
2018-03-17 11:31:56 PooledDataSource.java DEBUG PooledDataSource forcefully closed/removed all connections.
2018-03-17 11:31:56 PooledDataSource.java DEBUG PooledDataSource forcefully closed/removed all connections.
2018-03-17 11:31:56 PooledDataSource.java DEBUG PooledDataSource forcefully closed/removed all connections.
2018-03-17 11:31:56 JdbcTransaction.java DEBUG Openning JDBC Connection
2018-03-17 11:31:56 PooledDataSource.java DEBUG Created connection 30061849.
2018-03-17 11:31:56 BaseJdbcLogger.java DEBUG ooo Using Connection [com.mysql.jdbc.Connection@1cab519]
2018-03-17 11:31:56 BaseJdbcLogger.java DEBUG ==>  Preparing: select * from tb_book 
2018-03-17 11:31:56 BaseJdbcLogger.java DEBUG ==> Parameters: 
2018-03-17 11:33:14 LogFactory.java DEBUG Logging initialized using 'class org.apache.ibatis.logging.log4j.Log4jImpl' adapter.
2018-03-17 11:33:14 LogFactory.java DEBUG Logging initialized using 'class org.apache.ibatis.logging.log4j.Log4jImpl' adapter.
2018-03-17 11:33:14 PooledDataSource.java DEBUG PooledDataSource forcefully closed/removed all connections.
2018-03-17 11:33:14 PooledDataSource.java DEBUG PooledDataSource forcefully closed/removed all connections.
2018-03-17 11:33:14 PooledDataSource.java DEBUG PooledDataSource forcefully closed/removed all connections.
2018-03-17 11:33:14 PooledDataSource.java DEBUG PooledDataSource forcefully closed/removed all connections.
2018-03-17 11:33:14 JdbcTransaction.java DEBUG Openning JDBC Connection
2018-03-17 11:33:14 PooledDataSource.java DEBUG Created connection 30061849.
2018-03-17 11:33:14 BaseJdbcLogger.java DEBUG ooo Using Connection [com.mysql.jdbc.Connection@1cab519]
2018-03-17 11:33:14 BaseJdbcLogger.java DEBUG ==>  Preparing: select * from tb_book 
2018-03-17 11:33:14 BaseJdbcLogger.java DEBUG ==> Parameters: 
2018-03-17 11:34:15 LogFactory.java DEBUG Logging initialized using 'class org.apache.ibatis.logging.log4j.Log4jImpl' adapter.
2018-03-17 11:34:15 LogFactory.java DEBUG Logging initialized using 'class org.apache.ibatis.logging.log4j.Log4jImpl' adapter.
2018-03-17 11:34:15 PooledDataSource.java DEBUG PooledDataSource forcefully closed/removed all connections.
2018-03-17 11:34:15 PooledDataSource.java DEBUG PooledDataSource forcefully closed/removed all connections.
2018-03-17 11:34:15 PooledDataSource.java DEBUG PooledDataSource forcefully closed/removed all connections.
2018-03-17 11:34:15 PooledDataSource.java DEBUG PooledDataSource forcefully closed/removed all connections.
2018-03-17 11:34:15 JdbcTransaction.java DEBUG Openning JDBC Connection
2018-03-17 11:34:15 PooledDataSource.java DEBUG Created connection 30061849.
2018-03-17 11:34:15 BaseJdbcLogger.java DEBUG ooo Using Connection [com.mysql.jdbc.Connection@1cab519]
2018-03-17 11:34:15 BaseJdbcLogger.java DEBUG ==>  Preparing: select * from tb_book; 
2018-03-17 11:34:15 BaseJdbcLogger.java DEBUG ==> Parameters: 
2018-03-17 11:37:32 LogFactory.java DEBUG Logging initialized using 'class org.apache.ibatis.logging.log4j.Log4jImpl' adapter.
2018-03-17 11:37:33 LogFactory.java DEBUG Logging initialized using 'class org.apache.ibatis.logging.log4j.Log4jImpl' adapter.
2018-03-17 11:37:33 PooledDataSource.java DEBUG PooledDataSource forcefully closed/removed all connections.
2018-03-17 11:37:33 PooledDataSource.java DEBUG PooledDataSource forcefully closed/removed all connections.
2018-03-17 11:37:33 PooledDataSource.java DEBUG PooledDataSource forcefully closed/removed all connections.
2018-03-17 11:37:33 PooledDataSource.java DEBUG PooledDataSource forcefully closed/removed all connections.
2018-03-17 12:04:14 LogFactory.java DEBUG Logging initialized using 'class org.apache.ibatis.logging.log4j.Log4jImpl' adapter.
2018-03-17 12:04:14 LogFactory.java DEBUG Logging initialized using 'class org.apache.ibatis.logging.log4j.Log4jImpl' adapter.
2018-03-17 12:04:14 PooledDataSource.java DEBUG PooledDataSource forcefully closed/removed all connections.
2018-03-17 12:04:14 PooledDataSource.java DEBUG PooledDataSource forcefully closed/removed all connections.
2018-03-17 12:04:14 PooledDataSource.java DEBUG PooledDataSource forcefully closed/removed all connections.
2018-03-17 12:04:14 PooledDataSource.java DEBUG PooledDataSource forcefully closed/removed all connections.
2018-03-17 12:07:29 LogFactory.java DEBUG Logging initialized using 'class org.apache.ibatis.logging.log4j.Log4jImpl' adapter.
2018-03-17 12:07:29 LogFactory.java DEBUG Logging initialized using 'class org.apache.ibatis.logging.log4j.Log4jImpl' adapter.
2018-03-17 12:07:29 PooledDataSource.java DEBUG PooledDataSource forcefully closed/removed all connections.
2018-03-17 12:07:29 PooledDataSource.java DEBUG PooledDataSource forcefully closed/removed all connections.
2018-03-17 12:07:29 PooledDataSource.java DEBUG PooledDataSource forcefully closed/removed all connections.
2018-03-17 12:07:29 PooledDataSource.java DEBUG PooledDataSource forcefully closed/removed all connections.
2018-03-17 12:09:41 LogFactory.java DEBUG Logging initialized using 'class org.apache.ibatis.logging.log4j.Log4jImpl' adapter.
2018-03-17 12:09:41 LogFactory.java DEBUG Logging initialized using 'class org.apache.ibatis.logging.log4j.Log4jImpl' adapter.
2018-03-17 12:09:41 PooledDataSource.java DEBUG PooledDataSource forcefully closed/removed all connections.
2018-03-17 12:09:41 PooledDataSource.java DEBUG PooledDataSource forcefully closed/removed all connections.
2018-03-17 12:09:41 PooledDataSource.java DEBUG PooledDataSource forcefully closed/removed all connections.
2018-03-17 12:09:41 PooledDataSource.java DEBUG PooledDataSource forcefully closed/removed all connections.
2018-03-17 12:10:26 LogFactory.java DEBUG Logging initialized using 'class org.apache.ibatis.logging.log4j.Log4jImpl' adapter.
2018-03-17 12:10:26 LogFactory.java DEBUG Logging initialized using 'class org.apache.ibatis.logging.log4j.Log4jImpl' adapter.
2018-03-17 12:10:26 PooledDataSource.java DEBUG PooledDataSource forcefully closed/removed all connections.
2018-03-17 12:10:26 PooledDataSource.java DEBUG PooledDataSource forcefully closed/removed all connections.
2018-03-17 12:10:26 PooledDataSource.java DEBUG PooledDataSource forcefully closed/removed all connections.
2018-03-17 12:10:26 PooledDataSource.java DEBUG PooledDataSource forcefully closed/removed all connections.
2018-03-17 12:10:26 JdbcTransaction.java DEBUG Openning JDBC Connection
2018-03-17 12:10:26 PooledDataSource.java DEBUG Created connection 11287177.
2018-03-17 12:10:26 BaseJdbcLogger.java DEBUG ooo Using Connection [com.mysql.jdbc.Connection@ac3a89]
2018-03-17 12:10:26 BaseJdbcLogger.java DEBUG ==>  Preparing: select * from tb_book; 
2018-03-17 12:10:26 BaseJdbcLogger.java DEBUG ==> Parameters: 
2018-03-17 12:16:41 LogFactory.java DEBUG Logging initialized using 'class org.apache.ibatis.logging.log4j.Log4jImpl' adapter.
2018-03-17 12:16:42 LogFactory.java DEBUG Logging initialized using 'class org.apache.ibatis.logging.log4j.Log4jImpl' adapter.
2018-03-17 12:16:42 PooledDataSource.java DEBUG PooledDataSource forcefully closed/removed all connections.
2018-03-17 12:16:42 PooledDataSource.java DEBUG PooledDataSource forcefully closed/removed all connections.
2018-03-17 12:16:42 PooledDataSource.java DEBUG PooledDataSource forcefully closed/removed all connections.
2018-03-17 12:16:42 PooledDataSource.java DEBUG PooledDataSource forcefully closed/removed all connections.
2018-03-17 12:16:42 JdbcTransaction.java DEBUG Openning JDBC Connection
2018-03-17 12:16:42 PooledDataSource.java DEBUG Created connection 11287177.
2018-03-17 12:16:42 BaseJdbcLogger.java DEBUG ooo Using Connection [com.mysql.jdbc.Connection@ac3a89]
2018-03-17 12:16:42 BaseJdbcLogger.java DEBUG ==>  Preparing: select * from tb_book; 
2018-03-17 12:16:42 BaseJdbcLogger.java DEBUG ==> Parameters: 
2018-03-17 12:17:10 LogFactory.java DEBUG Logging initialized using 'class org.apache.ibatis.logging.log4j.Log4jImpl' adapter.
2018-03-17 12:17:10 LogFactory.java DEBUG Logging initialized using 'class org.apache.ibatis.logging.log4j.Log4jImpl' adapter.
2018-03-17 12:17:10 PooledDataSource.java DEBUG PooledDataSource forcefully closed/removed all connections.
2018-03-17 12:17:10 PooledDataSource.java DEBUG PooledDataSource forcefully closed/removed all connections.
2018-03-17 12:17:10 PooledDataSource.java DEBUG PooledDataSource forcefully closed/removed all connections.
2018-03-17 12:17:10 PooledDataSource.java DEBUG PooledDataSource forcefully closed/removed all connections.
2018-03-17 12:26:36 LogFactory.java DEBUG Logging initialized using 'class org.apache.ibatis.logging.log4j.Log4jImpl' adapter.
2018-03-17 12:26:36 LogFactory.java DEBUG Logging initialized using 'class org.apache.ibatis.logging.log4j.Log4jImpl' adapter.
2018-03-17 12:26:36 PooledDataSource.java DEBUG PooledDataSource forcefully closed/removed all connections.
2018-03-17 12:26:36 PooledDataSource.java DEBUG PooledDataSource forcefully closed/removed all connections.
2018-03-17 12:26:36 PooledDataSource.java DEBUG PooledDataSource forcefully closed/removed all connections.
2018-03-17 12:26:36 PooledDataSource.java DEBUG PooledDataSource forcefully closed/removed all connections.
2018-03-17 12:27:21 LogFactory.java DEBUG Logging initialized using 'class org.apache.ibatis.logging.log4j.Log4jImpl' adapter.
2018-03-17 12:27:22 LogFactory.java DEBUG Logging initialized using 'class org.apache.ibatis.logging.log4j.Log4jImpl' adapter.
2018-03-17 12:27:22 PooledDataSource.java DEBUG PooledDataSource forcefully closed/removed all connections.
2018-03-17 12:27:22 PooledDataSource.java DEBUG PooledDataSource forcefully closed/removed all connections.
2018-03-17 12:27:22 PooledDataSource.java DEBUG PooledDataSource forcefully closed/removed all connections.
2018-03-17 12:27:22 PooledDataSource.java DEBUG PooledDataSource forcefully closed/removed all connections.
2018-03-17 12:31:35 LogFactory.java DEBUG Logging initialized using 'class org.apache.ibatis.logging.log4j.Log4jImpl' adapter.
2018-03-17 12:31:35 LogFactory.java DEBUG Logging initialized using 'class org.apache.ibatis.logging.log4j.Log4jImpl' adapter.
2018-03-17 12:31:35 PooledDataSource.java DEBUG PooledDataSource forcefully closed/removed all connections.
2018-03-17 12:31:35 PooledDataSource.java DEBUG PooledDataSource forcefully closed/removed all connections.
2018-03-17 12:31:35 PooledDataSource.java DEBUG PooledDataSource forcefully closed/removed all connections.
2018-03-17 12:31:35 PooledDataSource.java DEBUG PooledDataSource forcefully closed/removed all connections.
2018-03-17 12:47:25 LogFactory.java DEBUG Logging initialized using 'class org.apache.ibatis.logging.log4j.Log4jImpl' adapter.
2018-03-17 12:47:25 LogFactory.java DEBUG Logging initialized using 'class org.apache.ibatis.logging.log4j.Log4jImpl' adapter.
2018-03-17 12:47:25 PooledDataSource.java DEBUG PooledDataSource forcefully closed/removed all connections.
2018-03-17 12:47:25 PooledDataSource.java DEBUG PooledDataSource forcefully closed/removed all connections.
2018-03-17 12:47:25 PooledDataSource.java DEBUG PooledDataSource forcefully closed/removed all connections.
2018-03-17 12:47:25 PooledDataSource.java DEBUG PooledDataSource forcefully closed/removed all connections.
2018-03-17 12:48:57 LogFactory.java DEBUG Logging initialized using 'class org.apache.ibatis.logging.log4j.Log4jImpl' adapter.
2018-03-17 12:48:57 LogFactory.java DEBUG Logging initialized using 'class org.apache.ibatis.logging.log4j.Log4jImpl' adapter.
2018-03-17 12:48:57 PooledDataSource.java DEBUG PooledDataSource forcefully closed/removed all connections.
2018-03-17 12:48:57 PooledDataSource.java DEBUG PooledDataSource forcefully closed/removed all connections.
2018-03-17 12:48:57 PooledDataSource.java DEBUG PooledDataSource forcefully closed/removed all connections.
2018-03-17 12:48:57 PooledDataSource.java DEBUG PooledDataSource forcefully closed/removed all connections.
2018-03-17 12:53:41 LogFactory.java DEBUG Logging initialized using 'class org.apache.ibatis.logging.log4j.Log4jImpl' adapter.
2018-03-17 12:53:41 LogFactory.java DEBUG Logging initialized using 'class org.apache.ibatis.logging.log4j.Log4jImpl' adapter.
2018-03-17 12:53:41 PooledDataSource.java DEBUG PooledDataSource forcefully closed/removed all connections.
2018-03-17 12:53:41 PooledDataSource.java DEBUG PooledDataSource forcefully closed/removed all connections.
2018-03-17 12:53:41 PooledDataSource.java DEBUG PooledDataSource forcefully closed/removed all connections.
2018-03-17 12:53:41 PooledDataSource.java DEBUG PooledDataSource forcefully closed/removed all connections.
2018-03-17 12:53:42 JdbcTransaction.java DEBUG Openning JDBC Connection
2018-03-17 12:53:42 PooledDataSource.java DEBUG Created connection 11287177.
2018-03-17 12:53:42 BaseJdbcLogger.java DEBUG ooo Using Connection [com.mysql.jdbc.Connection@ac3a89]
2018-03-17 12:53:42 BaseJdbcLogger.java DEBUG ==>  Preparing: select * from tb_book; 
2018-03-17 12:53:42 BaseJdbcLogger.java DEBUG ==> Parameters: 
2018-03-17 12:53:42 JdbcTransaction.java DEBUG Resetting autocommit to true on JDBC Connection [com.mysql.jdbc.Connection@ac3a89]
2018-03-17 12:53:42 JdbcTransaction.java DEBUG Closing JDBC Connection [com.mysql.jdbc.Connection@ac3a89]
2018-03-17 12:53:42 PooledDataSource.java DEBUG Returned connection 11287177 to pool.
2018-03-17 12:58:05 LogFactory.java DEBUG Logging initialized using 'class org.apache.ibatis.logging.log4j.Log4jImpl' adapter.
2018-03-17 12:58:05 LogFactory.java DEBUG Logging initialized using 'class org.apache.ibatis.logging.log4j.Log4jImpl' adapter.
2018-03-17 12:58:05 PooledDataSource.java DEBUG PooledDataSource forcefully closed/removed all connections.
2018-03-17 12:58:05 PooledDataSource.java DEBUG PooledDataSource forcefully closed/removed all connections.
2018-03-17 12:58:05 PooledDataSource.java DEBUG PooledDataSource forcefully closed/removed all connections.
2018-03-17 12:58:05 PooledDataSource.java DEBUG PooledDataSource forcefully closed/removed all connections.
2018-03-17 12:58:05 JdbcTransaction.java DEBUG Openning JDBC Connection
2018-03-17 12:58:05 PooledDataSource.java DEBUG Created connection 11287177.
2018-03-17 12:58:05 BaseJdbcLogger.java DEBUG ooo Using Connection [com.mysql.jdbc.Connection@ac3a89]
2018-03-17 12:58:05 BaseJdbcLogger.java DEBUG ==>  Preparing: select * from tb_book; 
2018-03-17 12:58:05 BaseJdbcLogger.java DEBUG ==> Parameters: 
2018-03-17 12:58:05 JdbcTransaction.java DEBUG Resetting autocommit to true on JDBC Connection [com.mysql.jdbc.Connection@ac3a89]
2018-03-17 12:58:05 JdbcTransaction.java DEBUG Closing JDBC Connection [com.mysql.jdbc.Connection@ac3a89]
2018-03-17 12:58:05 PooledDataSource.java DEBUG Returned connection 11287177 to pool.
2018-03-17 12:59:00 LogFactory.java DEBUG Logging initialized using 'class org.apache.ibatis.logging.log4j.Log4jImpl' adapter.
2018-03-17 12:59:00 LogFactory.java DEBUG Logging initialized using 'class org.apache.ibatis.logging.log4j.Log4jImpl' adapter.
2018-03-17 12:59:00 PooledDataSource.java DEBUG PooledDataSource forcefully closed/removed all connections.
2018-03-17 12:59:00 PooledDataSource.java DEBUG PooledDataSource forcefully closed/removed all connections.
2018-03-17 12:59:00 PooledDataSource.java DEBUG PooledDataSource forcefully closed/removed all connections.
2018-03-17 12:59:00 PooledDataSource.java DEBUG PooledDataSource forcefully closed/removed all connections.
2018-03-17 12:59:00 JdbcTransaction.java DEBUG Openning JDBC Connection
2018-03-17 12:59:00 PooledDataSource.java DEBUG Created connection 11287177.
2018-03-17 12:59:00 BaseJdbcLogger.java DEBUG ooo Using Connection [com.mysql.jdbc.Connection@ac3a89]
2018-03-17 12:59:00 BaseJdbcLogger.java DEBUG ==>  Preparing: select * from tb_book; 
2018-03-17 12:59:00 BaseJdbcLogger.java DEBUG ==> Parameters: 
2018-03-17 12:59:00 JdbcTransaction.java DEBUG Resetting autocommit to true on JDBC Connection [com.mysql.jdbc.Connection@ac3a89]
2018-03-17 12:59:00 JdbcTransaction.java DEBUG Closing JDBC Connection [com.mysql.jdbc.Connection@ac3a89]
2018-03-17 12:59:00 PooledDataSource.java DEBUG Returned connection 11287177 to pool.
2018-03-17 13:14:45 LogFactory.java DEBUG Logging initialized using 'class org.apache.ibatis.logging.log4j.Log4jImpl' adapter.
2018-03-17 13:14:45 LogFactory.java DEBUG Logging initialized using 'class org.apache.ibatis.logging.log4j.Log4jImpl' adapter.
2018-03-17 13:14:45 PooledDataSource.java DEBUG PooledDataSource forcefully closed/removed all connections.
2018-03-17 13:14:45 PooledDataSource.java DEBUG PooledDataSource forcefully closed/removed all connections.
2018-03-17 13:14:45 PooledDataSource.java DEBUG PooledDataSource forcefully closed/removed all connections.
2018-03-17 13:14:45 PooledDataSource.java DEBUG PooledDataSource forcefully closed/removed all connections.
2018-03-17 13:16:06 LogFactory.java DEBUG Logging initialized using 'class org.apache.ibatis.logging.log4j.Log4jImpl' adapter.
2018-03-17 13:16:07 LogFactory.java DEBUG Logging initialized using 'class org.apache.ibatis.logging.log4j.Log4jImpl' adapter.
2018-03-17 13:16:07 PooledDataSource.java DEBUG PooledDataSource forcefully closed/removed all connections.
2018-03-17 13:16:07 PooledDataSource.java DEBUG PooledDataSource forcefully closed/removed all connections.
2018-03-17 13:16:07 PooledDataSource.java DEBUG PooledDataSource forcefully closed/removed all connections.
2018-03-17 13:16:07 PooledDataSource.java DEBUG PooledDataSource forcefully closed/removed all connections.
2018-03-17 13:16:07 JdbcTransaction.java DEBUG Openning JDBC Connection
2018-03-17 13:16:07 PooledDataSource.java DEBUG Created connection 11287177.
2018-03-17 13:16:07 BaseJdbcLogger.java DEBUG ooo Using Connection [com.mysql.jdbc.Connection@ac3a89]
2018-03-17 13:16:07 BaseJdbcLogger.java DEBUG ==>  Preparing: select * from tb_book; 
2018-03-17 13:16:08 BaseJdbcLogger.java DEBUG ==> Parameters: 
2018-03-17 13:16:08 BaseJdbcLogger.java DEBUG ooo Using Connection [com.mysql.jdbc.Connection@ac3a89]
2018-03-17 13:16:08 BaseJdbcLogger.java DEBUG ==>  Preparing: select * from tb_book where id=2; 
2018-03-17 13:16:08 BaseJdbcLogger.java DEBUG ==> Parameters: 
2018-03-17 13:16:08 JdbcTransaction.java DEBUG Resetting autocommit to true on JDBC Connection [com.mysql.jdbc.Connection@ac3a89]
2018-03-17 13:16:08 JdbcTransaction.java DEBUG Closing JDBC Connection [com.mysql.jdbc.Connection@ac3a89]
2018-03-17 13:16:08 PooledDataSource.java DEBUG Returned connection 11287177 to pool.
2018-03-17 13:19:23 LogFactory.java DEBUG Logging initialized using 'class org.apache.ibatis.logging.log4j.Log4jImpl' adapter.
2018-03-17 13:19:23 LogFactory.java DEBUG Logging initialized using 'class org.apache.ibatis.logging.log4j.Log4jImpl' adapter.
2018-03-17 13:19:23 PooledDataSource.java DEBUG PooledDataSource forcefully closed/removed all connections.
2018-03-17 13:19:23 PooledDataSource.java DEBUG PooledDataSource forcefully closed/removed all connections.
2018-03-17 13:19:23 PooledDataSource.java DEBUG PooledDataSource forcefully closed/removed all connections.
2018-03-17 13:19:23 PooledDataSource.java DEBUG PooledDataSource forcefully closed/removed all connections.
2018-03-17 13:19:23 JdbcTransaction.java DEBUG Openning JDBC Connection
2018-03-17 13:19:23 PooledDataSource.java DEBUG Created connection 11287177.
2018-03-17 13:19:23 BaseJdbcLogger.java DEBUG ooo Using Connection [com.mysql.jdbc.Connection@ac3a89]
2018-03-17 13:19:23 BaseJdbcLogger.java DEBUG ==>  Preparing: select * from tb_book; 
2018-03-17 13:19:23 BaseJdbcLogger.java DEBUG ==> Parameters: 
2018-03-17 13:19:23 BaseJdbcLogger.java DEBUG ooo Using Connection [com.mysql.jdbc.Connection@ac3a89]
2018-03-17 13:19:23 BaseJdbcLogger.java DEBUG ==>  Preparing: select * from tb_book where isbn=112; 
2018-03-17 13:19:23 BaseJdbcLogger.java DEBUG ==> Parameters: 
2018-03-17 13:19:23 JdbcTransaction.java DEBUG Resetting autocommit to true on JDBC Connection [com.mysql.jdbc.Connection@ac3a89]
2018-03-17 13:19:23 JdbcTransaction.java DEBUG Closing JDBC Connection [com.mysql.jdbc.Connection@ac3a89]
2018-03-17 13:19:23 PooledDataSource.java DEBUG Returned connection 11287177 to pool.
2018-03-17 13:22:59 LogFactory.java DEBUG Logging initialized using 'class org.apache.ibatis.logging.log4j.Log4jImpl' adapter.
2018-03-17 13:22:59 LogFactory.java DEBUG Logging initialized using 'class org.apache.ibatis.logging.log4j.Log4jImpl' adapter.
2018-03-17 13:22:59 PooledDataSource.java DEBUG PooledDataSource forcefully closed/removed all connections.
2018-03-17 13:22:59 PooledDataSource.java DEBUG PooledDataSource forcefully closed/removed all connections.
2018-03-17 13:22:59 PooledDataSource.java DEBUG PooledDataSource forcefully closed/removed all connections.
2018-03-17 13:22:59 PooledDataSource.java DEBUG PooledDataSource forcefully closed/removed all connections.
2018-03-17 13:22:59 JdbcTransaction.java DEBUG Openning JDBC Connection
2018-03-17 13:22:59 PooledDataSource.java DEBUG Created connection 11287177.
2018-03-17 13:22:59 BaseJdbcLogger.java DEBUG ooo Using Connection [com.mysql.jdbc.Connection@ac3a89]
2018-03-17 13:22:59 BaseJdbcLogger.java DEBUG ==>  Preparing: select * from tb_book; 
2018-03-17 13:22:59 BaseJdbcLogger.java DEBUG ==> Parameters: 
2018-03-17 13:22:59 BaseJdbcLogger.java DEBUG ooo Using Connection [com.mysql.jdbc.Connection@ac3a89]
2018-03-17 13:22:59 BaseJdbcLogger.java DEBUG ==>  Preparing: select * from tb_book where isbn=?; 
2018-03-17 13:22:59 BaseJdbcLogger.java DEBUG ==> Parameters: null
2018-03-17 13:30:46 LogFactory.java DEBUG Logging initialized using 'class org.apache.ibatis.logging.log4j.Log4jImpl' adapter.
2018-03-17 13:30:47 LogFactory.java DEBUG Logging initialized using 'class org.apache.ibatis.logging.log4j.Log4jImpl' adapter.
2018-03-17 13:30:47 PooledDataSource.java DEBUG PooledDataSource forcefully closed/removed all connections.
2018-03-17 13:30:47 PooledDataSource.java DEBUG PooledDataSource forcefully closed/removed all connections.
2018-03-17 13:30:47 PooledDataSource.java DEBUG PooledDataSource forcefully closed/removed all connections.
2018-03-17 13:30:47 PooledDataSource.java DEBUG PooledDataSource forcefully closed/removed all connections.
2018-03-17 13:30:47 JdbcTransaction.java DEBUG Openning JDBC Connection
2018-03-17 13:30:47 PooledDataSource.java DEBUG Created connection 11287177.
2018-03-17 13:30:47 BaseJdbcLogger.java DEBUG ooo Using Connection [com.mysql.jdbc.Connection@ac3a89]
2018-03-17 13:30:47 BaseJdbcLogger.java DEBUG ==>  Preparing: select * from tb_book; 
2018-03-17 13:30:47 BaseJdbcLogger.java DEBUG ==> Parameters: 
2018-03-17 13:30:47 BaseJdbcLogger.java DEBUG ooo Using Connection [com.mysql.jdbc.Connection@ac3a89]
2018-03-17 13:30:47 BaseJdbcLogger.java DEBUG ==>  Preparing: select * from tb_book where isbn=?; 
2018-03-17 13:30:47 BaseJdbcLogger.java DEBUG ==> Parameters: 112(Integer)
2018-03-17 13:30:47 JdbcTransaction.java DEBUG Resetting autocommit to true on JDBC Connection [com.mysql.jdbc.Connection@ac3a89]
2018-03-17 13:30:47 JdbcTransaction.java DEBUG Closing JDBC Connection [com.mysql.jdbc.Connection@ac3a89]
2018-03-17 13:30:47 PooledDataSource.java DEBUG Returned connection 11287177 to pool.
2018-03-17 13:36:19 LogFactory.java DEBUG Logging initialized using 'class org.apache.ibatis.logging.log4j.Log4jImpl' adapter.
2018-03-17 13:36:19 LogFactory.java DEBUG Logging initialized using 'class org.apache.ibatis.logging.log4j.Log4jImpl' adapter.
2018-03-17 13:36:19 PooledDataSource.java DEBUG PooledDataSource forcefully closed/removed all connections.
2018-03-17 13:36:19 PooledDataSource.java DEBUG PooledDataSource forcefully closed/removed all connections.
2018-03-17 13:36:19 PooledDataSource.java DEBUG PooledDataSource forcefully closed/removed all connections.
2018-03-17 13:36:19 PooledDataSource.java DEBUG PooledDataSource forcefully closed/removed all connections.
2018-03-17 13:36:19 JdbcTransaction.java DEBUG Openning JDBC Connection
2018-03-17 13:36:19 PooledDataSource.java DEBUG Created connection 11287177.
2018-03-17 13:36:19 BaseJdbcLogger.java DEBUG ooo Using Connection [com.mysql.jdbc.Connection@ac3a89]
2018-03-17 13:36:19 BaseJdbcLogger.java DEBUG ==>  Preparing: select * from tb_book; 
2018-03-17 13:36:19 BaseJdbcLogger.java DEBUG ==> Parameters: 
2018-03-17 13:36:19 BaseJdbcLogger.java DEBUG ooo Using Connection [com.mysql.jdbc.Connection@ac3a89]
2018-03-17 13:36:19 BaseJdbcLogger.java DEBUG ==>  Preparing: select * from tb_book where isbn=?; 
2018-03-17 13:36:19 BaseJdbcLogger.java DEBUG ==> Parameters: 112(Integer)
2018-03-17 13:36:19 BaseJdbcLogger.java DEBUG ooo Using Connection [com.mysql.jdbc.Connection@ac3a89]
2018-03-17 13:36:19 BaseJdbcLogger.java DEBUG ==>  Preparing: select * from tb_book where bookName=?; 
2018-03-17 13:36:19 BaseJdbcLogger.java DEBUG ==> Parameters: 数据结构(String)
2018-03-17 13:36:19 JdbcTransaction.java DEBUG Resetting autocommit to true on JDBC Connection [com.mysql.jdbc.Connection@ac3a89]
2018-03-17 13:36:19 JdbcTransaction.java DEBUG Closing JDBC Connection [com.mysql.jdbc.Connection@ac3a89]
2018-03-17 13:36:19 PooledDataSource.java DEBUG Returned connection 11287177 to pool.
2018-03-17 13:37:11 LogFactory.java DEBUG Logging initialized using 'class org.apache.ibatis.logging.log4j.Log4jImpl' adapter.
2018-03-17 13:37:11 LogFactory.java DEBUG Logging initialized using 'class org.apache.ibatis.logging.log4j.Log4jImpl' adapter.
2018-03-17 13:37:11 PooledDataSource.java DEBUG PooledDataSource forcefully closed/removed all connections.
2018-03-17 13:37:11 PooledDataSource.java DEBUG PooledDataSource forcefully closed/removed all connections.
2018-03-17 13:37:11 PooledDataSource.java DEBUG PooledDataSource forcefully closed/removed all connections.
2018-03-17 13:37:11 PooledDataSource.java DEBUG PooledDataSource forcefully closed/removed all connections.
2018-03-17 13:37:11 JdbcTransaction.java DEBUG Openning JDBC Connection
2018-03-17 13:37:12 PooledDataSource.java DEBUG Created connection 11287177.
2018-03-17 13:37:12 BaseJdbcLogger.java DEBUG ooo Using Connection [com.mysql.jdbc.Connection@ac3a89]
2018-03-17 13:37:12 BaseJdbcLogger.java DEBUG ==>  Preparing: select * from tb_book; 
2018-03-17 13:37:12 BaseJdbcLogger.java DEBUG ==> Parameters: 
2018-03-17 13:37:12 BaseJdbcLogger.java DEBUG ooo Using Connection [com.mysql.jdbc.Connection@ac3a89]
2018-03-17 13:37:12 BaseJdbcLogger.java DEBUG ==>  Preparing: select * from tb_book where isbn=?; 
2018-03-17 13:37:12 BaseJdbcLogger.java DEBUG ==> Parameters: 112(Integer)
2018-03-17 13:37:12 BaseJdbcLogger.java DEBUG ooo Using Connection [com.mysql.jdbc.Connection@ac3a89]
2018-03-17 13:37:12 BaseJdbcLogger.java DEBUG ==>  Preparing: select * from tb_book where bookName=?; 
2018-03-17 13:37:12 BaseJdbcLogger.java DEBUG ==> Parameters: 数据结构(String)
2018-03-17 13:37:12 JdbcTransaction.java DEBUG Resetting autocommit to true on JDBC Connection [com.mysql.jdbc.Connection@ac3a89]
2018-03-17 13:37:12 JdbcTransaction.java DEBUG Closing JDBC Connection [com.mysql.jdbc.Connection@ac3a89]
2018-03-17 13:37:12 PooledDataSource.java DEBUG Returned connection 11287177 to pool.
2018-03-17 13:41:16 LogFactory.java DEBUG Logging initialized using 'class org.apache.ibatis.logging.log4j.Log4jImpl' adapter.
2018-03-17 13:41:16 LogFactory.java DEBUG Logging initialized using 'class org.apache.ibatis.logging.log4j.Log4jImpl' adapter.
2018-03-17 13:41:16 PooledDataSource.java DEBUG PooledDataSource forcefully closed/removed all connections.
2018-03-17 13:41:16 PooledDataSource.java DEBUG PooledDataSource forcefully closed/removed all connections.
2018-03-17 13:41:16 PooledDataSource.java DEBUG PooledDataSource forcefully closed/removed all connections.
2018-03-17 13:41:16 PooledDataSource.java DEBUG PooledDataSource forcefully closed/removed all connections.
2018-03-17 13:41:16 JdbcTransaction.java DEBUG Openning JDBC Connection
2018-03-17 13:41:16 PooledDataSource.java DEBUG Created connection 11287177.
2018-03-17 13:41:16 BaseJdbcLogger.java DEBUG ooo Using Connection [com.mysql.jdbc.Connection@ac3a89]
2018-03-17 13:41:16 BaseJdbcLogger.java DEBUG ==>  Preparing: select * from tb_book; 
2018-03-17 13:41:16 BaseJdbcLogger.java DEBUG ==> Parameters: 
2018-03-17 13:41:16 BaseJdbcLogger.java DEBUG ooo Using Connection [com.mysql.jdbc.Connection@ac3a89]
2018-03-17 13:41:16 BaseJdbcLogger.java DEBUG ==>  Preparing: select * from tb_book where isbn=?; 
2018-03-17 13:41:16 BaseJdbcLogger.java DEBUG ==> Parameters: 112(Integer)
2018-03-17 13:41:16 BaseJdbcLogger.java DEBUG ooo Using Connection [com.mysql.jdbc.Connection@ac3a89]
2018-03-17 13:41:16 BaseJdbcLogger.java DEBUG ==>  Preparing: select * from tb_book where bookName=?; 
2018-03-17 13:41:16 BaseJdbcLogger.java DEBUG ==> Parameters: 数据结构(String)
2018-03-17 13:41:16 BaseJdbcLogger.java DEBUG ooo Using Connection [com.mysql.jdbc.Connection@ac3a89]
2018-03-17 13:41:16 BaseJdbcLogger.java DEBUG ==>  Preparing: select * from tb_book where price=?; 
2018-03-17 13:41:16 BaseJdbcLogger.java DEBUG ==> Parameters: 23(Integer)
2018-03-17 13:41:16 JdbcTransaction.java DEBUG Resetting autocommit to true on JDBC Connection [com.mysql.jdbc.Connection@ac3a89]
2018-03-17 13:41:16 JdbcTransaction.java DEBUG Closing JDBC Connection [com.mysql.jdbc.Connection@ac3a89]
2018-03-17 13:41:16 PooledDataSource.java DEBUG Returned connection 11287177 to pool.
2018-03-17 13:54:59 LogFactory.java DEBUG Logging initialized using 'class org.apache.ibatis.logging.log4j.Log4jImpl' adapter.
2018-03-17 13:54:59 LogFactory.java DEBUG Logging initialized using 'class org.apache.ibatis.logging.log4j.Log4jImpl' adapter.
2018-03-17 13:54:59 PooledDataSource.java DEBUG PooledDataSource forcefully closed/removed all connections.
2018-03-17 13:54:59 PooledDataSource.java DEBUG PooledDataSource forcefully closed/removed all connections.
2018-03-17 13:54:59 PooledDataSource.java DEBUG PooledDataSource forcefully closed/removed all connections.
2018-03-17 13:54:59 PooledDataSource.java DEBUG PooledDataSource forcefully closed/removed all connections.
2018-03-17 13:54:59 JdbcTransaction.java DEBUG Openning JDBC Connection
2018-03-17 13:54:59 PooledDataSource.java DEBUG Created connection 11287177.
2018-03-17 13:54:59 BaseJdbcLogger.java DEBUG ooo Using Connection [com.mysql.jdbc.Connection@ac3a89]
2018-03-17 13:54:59 BaseJdbcLogger.java DEBUG ==>  Preparing: select * from tb_book; 
2018-03-17 13:54:59 BaseJdbcLogger.java DEBUG ==> Parameters: 
2018-03-17 13:54:59 BaseJdbcLogger.java DEBUG ooo Using Connection [com.mysql.jdbc.Connection@ac3a89]
2018-03-17 13:54:59 BaseJdbcLogger.java DEBUG ==>  Preparing: select * from tb_book where isbn=?; 
2018-03-17 13:54:59 BaseJdbcLogger.java DEBUG ==> Parameters: 112(Integer)
2018-03-17 13:54:59 BaseJdbcLogger.java DEBUG ooo Using Connection [com.mysql.jdbc.Connection@ac3a89]
2018-03-17 13:54:59 BaseJdbcLogger.java DEBUG ==>  Preparing: select * from tb_book where bookName=?; 
2018-03-17 13:54:59 BaseJdbcLogger.java DEBUG ==> Parameters: 数据结构(String)
2018-03-17 13:54:59 BaseJdbcLogger.java DEBUG ooo Using Connection [com.mysql.jdbc.Connection@ac3a89]
2018-03-17 13:54:59 BaseJdbcLogger.java DEBUG ==>  Preparing: select * from tb_book where price=?; 
2018-03-17 13:54:59 BaseJdbcLogger.java DEBUG ==> Parameters: 23(Integer)
2018-03-17 13:54:59 BaseJdbcLogger.java DEBUG ooo Using Connection [com.mysql.jdbc.Connection@ac3a89]
2018-03-17 13:54:59 BaseJdbcLogger.java DEBUG ==>  Preparing: select writer,bookNum from tb_book where writer=?,bookNum={writer} 
2018-03-17 13:56:23 LogFactory.java DEBUG Logging initialized using 'class org.apache.ibatis.logging.log4j.Log4jImpl' adapter.
2018-03-17 13:56:24 LogFactory.java DEBUG Logging initialized using 'class org.apache.ibatis.logging.log4j.Log4jImpl' adapter.
2018-03-17 13:56:24 PooledDataSource.java DEBUG PooledDataSource forcefully closed/removed all connections.
2018-03-17 13:56:24 PooledDataSource.java DEBUG PooledDataSource forcefully closed/removed all connections.
2018-03-17 13:56:24 PooledDataSource.java DEBUG PooledDataSource forcefully closed/removed all connections.
2018-03-17 13:56:24 PooledDataSource.java DEBUG PooledDataSource forcefully closed/removed all connections.
2018-03-17 13:56:24 JdbcTransaction.java DEBUG Openning JDBC Connection
2018-03-17 13:56:24 PooledDataSource.java DEBUG Created connection 11287177.
2018-03-17 13:56:24 BaseJdbcLogger.java DEBUG ooo Using Connection [com.mysql.jdbc.Connection@ac3a89]
2018-03-17 13:56:24 BaseJdbcLogger.java DEBUG ==>  Preparing: select * from tb_book; 
2018-03-17 13:56:24 BaseJdbcLogger.java DEBUG ==> Parameters: 
2018-03-17 13:56:24 BaseJdbcLogger.java DEBUG ooo Using Connection [com.mysql.jdbc.Connection@ac3a89]
2018-03-17 13:56:24 BaseJdbcLogger.java DEBUG ==>  Preparing: select * from tb_book where isbn=?; 
2018-03-17 13:56:24 BaseJdbcLogger.java DEBUG ==> Parameters: 112(Integer)
2018-03-17 13:56:24 BaseJdbcLogger.java DEBUG ooo Using Connection [com.mysql.jdbc.Connection@ac3a89]
2018-03-17 13:56:24 BaseJdbcLogger.java DEBUG ==>  Preparing: select * from tb_book where bookName=?; 
2018-03-17 13:56:24 BaseJdbcLogger.java DEBUG ==> Parameters: 数据结构(String)
2018-03-17 13:56:24 BaseJdbcLogger.java DEBUG ooo Using Connection [com.mysql.jdbc.Connection@ac3a89]
2018-03-17 13:56:24 BaseJdbcLogger.java DEBUG ==>  Preparing: select * from tb_book where price=?; 
2018-03-17 13:56:24 BaseJdbcLogger.java DEBUG ==> Parameters: 23(Integer)
2018-03-17 13:56:24 BaseJdbcLogger.java DEBUG ooo Using Connection [com.mysql.jdbc.Connection@ac3a89]
2018-03-17 13:56:24 BaseJdbcLogger.java DEBUG ==>  Preparing: select * from tb_book where writer=?,bookNum={bookNum} 
2018-03-17 13:57:36 LogFactory.java DEBUG Logging initialized using 'class org.apache.ibatis.logging.log4j.Log4jImpl' adapter.
2018-03-17 13:57:36 LogFactory.java DEBUG Logging initialized using 'class org.apache.ibatis.logging.log4j.Log4jImpl' adapter.
2018-03-17 13:57:36 PooledDataSource.java DEBUG PooledDataSource forcefully closed/removed all connections.
2018-03-17 13:57:36 PooledDataSource.java DEBUG PooledDataSource forcefully closed/removed all connections.
2018-03-17 13:57:36 PooledDataSource.java DEBUG PooledDataSource forcefully closed/removed all connections.
2018-03-17 13:57:36 PooledDataSource.java DEBUG PooledDataSource forcefully closed/removed all connections.
2018-03-17 13:57:36 JdbcTransaction.java DEBUG Openning JDBC Connection
2018-03-17 13:57:36 PooledDataSource.java DEBUG Created connection 11287177.
2018-03-17 13:57:36 BaseJdbcLogger.java DEBUG ooo Using Connection [com.mysql.jdbc.Connection@ac3a89]
2018-03-17 13:57:36 BaseJdbcLogger.java DEBUG ==>  Preparing: select * from tb_book; 
2018-03-17 13:57:36 BaseJdbcLogger.java DEBUG ==> Parameters: 
2018-03-17 13:57:36 BaseJdbcLogger.java DEBUG ooo Using Connection [com.mysql.jdbc.Connection@ac3a89]
2018-03-17 13:57:36 BaseJdbcLogger.java DEBUG ==>  Preparing: select * from tb_book where isbn=?; 
2018-03-17 13:57:36 BaseJdbcLogger.java DEBUG ==> Parameters: 112(Integer)
2018-03-17 13:57:36 BaseJdbcLogger.java DEBUG ooo Using Connection [com.mysql.jdbc.Connection@ac3a89]
2018-03-17 13:57:36 BaseJdbcLogger.java DEBUG ==>  Preparing: select * from tb_book where bookName=?; 
2018-03-17 13:57:36 BaseJdbcLogger.java DEBUG ==> Parameters: 数据结构(String)
2018-03-17 13:57:36 BaseJdbcLogger.java DEBUG ooo Using Connection [com.mysql.jdbc.Connection@ac3a89]
2018-03-17 13:57:36 BaseJdbcLogger.java DEBUG ==>  Preparing: select * from tb_book where price=?; 
2018-03-17 13:57:36 BaseJdbcLogger.java DEBUG ==> Parameters: 23(Integer)
2018-03-17 13:57:36 BaseJdbcLogger.java DEBUG ooo Using Connection [com.mysql.jdbc.Connection@ac3a89]
2018-03-17 13:57:36 BaseJdbcLogger.java DEBUG ==>  Preparing: select * from tb_book where writer=?,bookNum=? 
2018-03-17 14:11:16 LogFactory.java DEBUG Logging initialized using 'class org.apache.ibatis.logging.log4j.Log4jImpl' adapter.
2018-03-17 14:11:17 LogFactory.java DEBUG Logging initialized using 'class org.apache.ibatis.logging.log4j.Log4jImpl' adapter.
2018-03-17 14:11:17 PooledDataSource.java DEBUG PooledDataSource forcefully closed/removed all connections.
2018-03-17 14:11:17 PooledDataSource.java DEBUG PooledDataSource forcefully closed/removed all connections.
2018-03-17 14:11:17 PooledDataSource.java DEBUG PooledDataSource forcefully closed/removed all connections.
2018-03-17 14:11:17 PooledDataSource.java DEBUG PooledDataSource forcefully closed/removed all connections.
2018-03-17 14:11:17 JdbcTransaction.java DEBUG Openning JDBC Connection
2018-03-17 14:11:17 PooledDataSource.java DEBUG Created connection 11287177.
2018-03-17 14:11:17 BaseJdbcLogger.java DEBUG ooo Using Connection [com.mysql.jdbc.Connection@ac3a89]
2018-03-17 14:11:17 BaseJdbcLogger.java DEBUG ==>  Preparing: select * from tb_book; 
2018-03-17 14:11:17 BaseJdbcLogger.java DEBUG ==> Parameters: 
2018-03-17 14:11:17 BaseJdbcLogger.java DEBUG ooo Using Connection [com.mysql.jdbc.Connection@ac3a89]
2018-03-17 14:11:17 BaseJdbcLogger.java DEBUG ==>  Preparing: select * from tb_book where isbn=?; 
2018-03-17 14:11:17 BaseJdbcLogger.java DEBUG ==> Parameters: 112(Integer)
2018-03-17 14:11:17 BaseJdbcLogger.java DEBUG ooo Using Connection [com.mysql.jdbc.Connection@ac3a89]
2018-03-17 14:11:17 BaseJdbcLogger.java DEBUG ==>  Preparing: select * from tb_book where bookName=?; 
2018-03-17 14:11:17 BaseJdbcLogger.java DEBUG ==> Parameters: 数据结构(String)
2018-03-17 14:11:17 BaseJdbcLogger.java DEBUG ooo Using Connection [com.mysql.jdbc.Connection@ac3a89]
2018-03-17 14:11:17 BaseJdbcLogger.java DEBUG ==>  Preparing: select * from tb_book where price=?; 
2018-03-17 14:11:17 BaseJdbcLogger.java DEBUG ==> Parameters: 23(Integer)
2018-03-17 14:11:17 BaseJdbcLogger.java DEBUG ooo Using Connection [com.mysql.jdbc.Connection@ac3a89]
2018-03-17 14:11:17 BaseJdbcLogger.java DEBUG ==>  Preparing: insert into tb_book where (isbn,bookName,writer,price,bookNum) values (?,?,?,?,?) 
2018-03-17 14:11:17 BaseJdbcLogger.java DEBUG ==> Parameters: 116(Integer), java(String), 民调(String), 89(Integer), 89(Integer)
2018-03-17 14:14:08 LogFactory.java DEBUG Logging initialized using 'class org.apache.ibatis.logging.log4j.Log4jImpl' adapter.
2018-03-17 14:14:08 LogFactory.java DEBUG Logging initialized using 'class org.apache.ibatis.logging.log4j.Log4jImpl' adapter.
2018-03-17 14:14:08 PooledDataSource.java DEBUG PooledDataSource forcefully closed/removed all connections.
2018-03-17 14:14:08 PooledDataSource.java DEBUG PooledDataSource forcefully closed/removed all connections.
2018-03-17 14:14:08 PooledDataSource.java DEBUG PooledDataSource forcefully closed/removed all connections.
2018-03-17 14:14:08 PooledDataSource.java DEBUG PooledDataSource forcefully closed/removed all connections.
2018-03-17 14:14:08 JdbcTransaction.java DEBUG Openning JDBC Connection
2018-03-17 14:14:08 PooledDataSource.java DEBUG Created connection 11287177.
2018-03-17 14:14:08 BaseJdbcLogger.java DEBUG ooo Using Connection [com.mysql.jdbc.Connection@ac3a89]
2018-03-17 14:14:08 BaseJdbcLogger.java DEBUG ==>  Preparing: select * from tb_book; 
2018-03-17 14:14:08 BaseJdbcLogger.java DEBUG ==> Parameters: 
2018-03-17 14:14:08 BaseJdbcLogger.java DEBUG ooo Using Connection [com.mysql.jdbc.Connection@ac3a89]
2018-03-17 14:14:08 BaseJdbcLogger.java DEBUG ==>  Preparing: select * from tb_book where isbn=?; 
2018-03-17 14:14:08 BaseJdbcLogger.java DEBUG ==> Parameters: 112(Integer)
2018-03-17 14:14:08 BaseJdbcLogger.java DEBUG ooo Using Connection [com.mysql.jdbc.Connection@ac3a89]
2018-03-17 14:14:08 BaseJdbcLogger.java DEBUG ==>  Preparing: select * from tb_book where bookName=?; 
2018-03-17 14:14:08 BaseJdbcLogger.java DEBUG ==> Parameters: 数据结构(String)
2018-03-17 14:14:08 BaseJdbcLogger.java DEBUG ooo Using Connection [com.mysql.jdbc.Connection@ac3a89]
2018-03-17 14:14:08 BaseJdbcLogger.java DEBUG ==>  Preparing: select * from tb_book where price=?; 
2018-03-17 14:14:08 BaseJdbcLogger.java DEBUG ==> Parameters: 23(Integer)
2018-03-17 14:14:08 BaseJdbcLogger.java DEBUG ooo Using Connection [com.mysql.jdbc.Connection@ac3a89]
2018-03-17 14:14:08 BaseJdbcLogger.java DEBUG ==>  Preparing: insert into tb_book where (id,isbn,bookName,writer,price,bookNum) values(?,?,?,?,?,?) 
2018-03-17 14:14:08 BaseJdbcLogger.java DEBUG ==> Parameters: 6(Integer), 116(Integer), java(String), 民调(String), 89(Integer), 89(Integer)
2018-03-17 14:15:19 LogFactory.java DEBUG Logging initialized using 'class org.apache.ibatis.logging.log4j.Log4jImpl' adapter.
2018-03-17 14:15:19 LogFactory.java DEBUG Logging initialized using 'class org.apache.ibatis.logging.log4j.Log4jImpl' adapter.
2018-03-17 14:15:19 PooledDataSource.java DEBUG PooledDataSource forcefully closed/removed all connections.
2018-03-17 14:15:19 PooledDataSource.java DEBUG PooledDataSource forcefully closed/removed all connections.
2018-03-17 14:15:19 PooledDataSource.java DEBUG PooledDataSource forcefully closed/removed all connections.
2018-03-17 14:15:19 PooledDataSource.java DEBUG PooledDataSource forcefully closed/removed all connections.
2018-03-17 14:15:19 JdbcTransaction.java DEBUG Openning JDBC Connection
2018-03-17 14:15:19 PooledDataSource.java DEBUG Created connection 11287177.
2018-03-17 14:15:19 BaseJdbcLogger.java DEBUG ooo Using Connection [com.mysql.jdbc.Connection@ac3a89]
2018-03-17 14:15:19 BaseJdbcLogger.java DEBUG ==>  Preparing: select * from tb_book; 
2018-03-17 14:15:19 BaseJdbcLogger.java DEBUG ==> Parameters: 
2018-03-17 14:15:19 BaseJdbcLogger.java DEBUG ooo Using Connection [com.mysql.jdbc.Connection@ac3a89]
2018-03-17 14:15:19 BaseJdbcLogger.java DEBUG ==>  Preparing: select * from tb_book where isbn=?; 
2018-03-17 14:15:19 BaseJdbcLogger.java DEBUG ==> Parameters: 112(Integer)
2018-03-17 14:15:19 BaseJdbcLogger.java DEBUG ooo Using Connection [com.mysql.jdbc.Connection@ac3a89]
2018-03-17 14:15:19 BaseJdbcLogger.java DEBUG ==>  Preparing: select * from tb_book where bookName=?; 
2018-03-17 14:15:19 BaseJdbcLogger.java DEBUG ==> Parameters: 数据结构(String)
2018-03-17 14:15:19 BaseJdbcLogger.java DEBUG ooo Using Connection [com.mysql.jdbc.Connection@ac3a89]
2018-03-17 14:15:19 BaseJdbcLogger.java DEBUG ==>  Preparing: select * from tb_book where price=?; 
2018-03-17 14:15:19 BaseJdbcLogger.java DEBUG ==> Parameters: 23(Integer)
2018-03-17 14:15:19 BaseJdbcLogger.java DEBUG ooo Using Connection [com.mysql.jdbc.Connection@ac3a89]
2018-03-17 14:15:19 BaseJdbcLogger.java DEBUG ==>  Preparing: insert into tb_book where (id,isbn,bookName,writer,price,bookNum) values(?,?,?,?,?,?) 
2018-03-17 14:15:19 BaseJdbcLogger.java DEBUG ==> Parameters: 6(Integer), 116(Integer), java(String), 民调(String), 89(Integer), 1116(Integer)
2018-03-17 14:15:27 LogFactory.java DEBUG Logging initialized using 'class org.apache.ibatis.logging.log4j.Log4jImpl' adapter.
2018-03-17 14:15:27 LogFactory.java DEBUG Logging initialized using 'class org.apache.ibatis.logging.log4j.Log4jImpl' adapter.
2018-03-17 14:15:27 PooledDataSource.java DEBUG PooledDataSource forcefully closed/removed all connections.
2018-03-17 14:15:27 PooledDataSource.java DEBUG PooledDataSource forcefully closed/removed all connections.
2018-03-17 14:15:27 PooledDataSource.java DEBUG PooledDataSource forcefully closed/removed all connections.
2018-03-17 14:15:27 PooledDataSource.java DEBUG PooledDataSource forcefully closed/removed all connections.
2018-03-17 14:15:27 JdbcTransaction.java DEBUG Openning JDBC Connection
2018-03-17 14:15:28 PooledDataSource.java DEBUG Created connection 11287177.
2018-03-17 14:15:28 BaseJdbcLogger.java DEBUG ooo Using Connection [com.mysql.jdbc.Connection@ac3a89]
2018-03-17 14:15:28 BaseJdbcLogger.java DEBUG ==>  Preparing: select * from tb_book; 
2018-03-17 14:15:28 BaseJdbcLogger.java DEBUG ==> Parameters: 
2018-03-17 14:15:28 BaseJdbcLogger.java DEBUG ooo Using Connection [com.mysql.jdbc.Connection@ac3a89]
2018-03-17 14:15:28 BaseJdbcLogger.java DEBUG ==>  Preparing: select * from tb_book where isbn=?; 
2018-03-17 14:15:28 BaseJdbcLogger.java DEBUG ==> Parameters: 112(Integer)
2018-03-17 14:15:28 BaseJdbcLogger.java DEBUG ooo Using Connection [com.mysql.jdbc.Connection@ac3a89]
2018-03-17 14:15:28 BaseJdbcLogger.java DEBUG ==>  Preparing: select * from tb_book where bookName=?; 
2018-03-17 14:15:28 BaseJdbcLogger.java DEBUG ==> Parameters: 数据结构(String)
2018-03-17 14:15:28 BaseJdbcLogger.java DEBUG ooo Using Connection [com.mysql.jdbc.Connection@ac3a89]
2018-03-17 14:15:28 BaseJdbcLogger.java DEBUG ==>  Preparing: select * from tb_book where price=?; 
2018-03-17 14:15:28 BaseJdbcLogger.java DEBUG ==> Parameters: 23(Integer)
2018-03-17 14:15:28 BaseJdbcLogger.java DEBUG ooo Using Connection [com.mysql.jdbc.Connection@ac3a89]
2018-03-17 14:15:28 BaseJdbcLogger.java DEBUG ==>  Preparing: insert into tb_book where (id,isbn,bookName,writer,price,bookNum) values(?,?,?,?,?,?) 
2018-03-17 14:15:28 BaseJdbcLogger.java DEBUG ==> Parameters: 6(Integer), 116(Integer), java(String), 民调(String), 89(Integer), 1116(Integer)
