2018-03-15 09:47:40 LogFactory.java DEBUG Logging initialized using 'class org.apache.ibatis.logging.log4j.Log4jImpl' adapter.
2018-03-15 09:47:41 LogFactory.java DEBUG Logging initialized using 'class org.apache.ibatis.logging.log4j.Log4jImpl' adapter.
2018-03-15 09:47:41 PooledDataSource.java DEBUG PooledDataSource forcefully closed/removed all connections.
2018-03-15 09:47:41 PooledDataSource.java DEBUG PooledDataSource forcefully closed/removed all connections.
2018-03-15 09:47:41 PooledDataSource.java DEBUG PooledDataSource forcefully closed/removed all connections.
2018-03-15 09:47:41 PooledDataSource.java DEBUG PooledDataSource forcefully closed/removed all connections.
2018-03-15 09:48:46 LogFactory.java DEBUG Logging initialized using 'class org.apache.ibatis.logging.log4j.Log4jImpl' adapter.
2018-03-15 09:48:46 LogFactory.java DEBUG Logging initialized using 'class org.apache.ibatis.logging.log4j.Log4jImpl' adapter.
2018-03-15 09:48:46 PooledDataSource.java DEBUG PooledDataSource forcefully closed/removed all connections.
2018-03-15 09:48:46 PooledDataSource.java DEBUG PooledDataSource forcefully closed/removed all connections.
2018-03-15 09:48:46 PooledDataSource.java DEBUG PooledDataSource forcefully closed/removed all connections.
2018-03-15 09:48:46 PooledDataSource.java DEBUG PooledDataSource forcefully closed/removed all connections.
2018-03-15 09:48:46 JdbcTransaction.java DEBUG Openning JDBC Connection
2018-03-15 09:48:46 PooledDataSource.java DEBUG Created connection 27073049.
2018-03-15 09:48:46 BaseJdbcLogger.java DEBUG ooo Using Connection [com.mysql.jdbc.Connection@19d1a19]
2018-03-15 09:48:46 BaseJdbcLogger.java DEBUG ==>  Preparing: insert into tb_user (name,sex,age) values (?,?,?) 
2018-03-15 09:48:46 BaseJdbcLogger.java DEBUG ==> Parameters: 王小二(String), 男(String), 8(Integer)
2018-03-15 09:48:46 JdbcTransaction.java DEBUG Committing JDBC Connection [com.mysql.jdbc.Connection@19d1a19]
2018-03-15 09:48:46 JdbcTransaction.java DEBUG Resetting autocommit to true on JDBC Connection [com.mysql.jdbc.Connection@19d1a19]
2018-03-15 09:48:46 JdbcTransaction.java DEBUG Closing JDBC Connection [com.mysql.jdbc.Connection@19d1a19]
2018-03-15 09:48:46 PooledDataSource.java DEBUG Returned connection 27073049 to pool.
2018-03-15 09:49:37 LogFactory.java DEBUG Logging initialized using 'class org.apache.ibatis.logging.log4j.Log4jImpl' adapter.
2018-03-15 09:49:37 LogFactory.java DEBUG Logging initialized using 'class org.apache.ibatis.logging.log4j.Log4jImpl' adapter.
2018-03-15 09:49:37 PooledDataSource.java DEBUG PooledDataSource forcefully closed/removed all connections.
2018-03-15 09:49:37 PooledDataSource.java DEBUG PooledDataSource forcefully closed/removed all connections.
2018-03-15 09:49:37 PooledDataSource.java DEBUG PooledDataSource forcefully closed/removed all connections.
2018-03-15 09:49:37 PooledDataSource.java DEBUG PooledDataSource forcefully closed/removed all connections.
2018-03-15 09:49:37 JdbcTransaction.java DEBUG Openning JDBC Connection
2018-03-15 09:49:37 PooledDataSource.java DEBUG Created connection 27073049.
2018-03-15 09:49:37 BaseJdbcLogger.java DEBUG ooo Using Connection [com.mysql.jdbc.Connection@19d1a19]
2018-03-15 09:49:37 BaseJdbcLogger.java DEBUG ==>  Preparing: insert into tb_user (name,sex,age) values (?,?,?) 
2018-03-15 09:49:38 BaseJdbcLogger.java DEBUG ==> Parameters: 王小二(String), 男(String), 8(Integer)
2018-03-15 09:49:38 JdbcTransaction.java DEBUG Committing JDBC Connection [com.mysql.jdbc.Connection@19d1a19]
2018-03-15 09:49:38 JdbcTransaction.java DEBUG Resetting autocommit to true on JDBC Connection [com.mysql.jdbc.Connection@19d1a19]
2018-03-15 09:49:38 JdbcTransaction.java DEBUG Closing JDBC Connection [com.mysql.jdbc.Connection@19d1a19]
2018-03-15 09:49:38 PooledDataSource.java DEBUG Returned connection 27073049 to pool.
2018-03-15 09:51:40 LogFactory.java DEBUG Logging initialized using 'class org.apache.ibatis.logging.log4j.Log4jImpl' adapter.
2018-03-15 09:51:41 LogFactory.java DEBUG Logging initialized using 'class org.apache.ibatis.logging.log4j.Log4jImpl' adapter.
2018-03-15 09:51:41 PooledDataSource.java DEBUG PooledDataSource forcefully closed/removed all connections.
2018-03-15 09:51:41 PooledDataSource.java DEBUG PooledDataSource forcefully closed/removed all connections.
2018-03-15 09:51:41 PooledDataSource.java DEBUG PooledDataSource forcefully closed/removed all connections.
2018-03-15 09:51:41 PooledDataSource.java DEBUG PooledDataSource forcefully closed/removed all connections.
2018-03-15 09:51:41 JdbcTransaction.java DEBUG Openning JDBC Connection
2018-03-15 09:51:41 PooledDataSource.java DEBUG Created connection 27073049.
2018-03-15 09:51:41 BaseJdbcLogger.java DEBUG ooo Using Connection [com.mysql.jdbc.Connection@19d1a19]
2018-03-15 09:51:41 BaseJdbcLogger.java DEBUG ==>  Preparing: insert into tb_user (name,sex,age) values (?,?,?) 
2018-03-15 09:51:41 BaseJdbcLogger.java DEBUG ==> Parameters: 王小二(String), 男(String), 8(Integer)
2018-03-15 09:51:41 JdbcTransaction.java DEBUG Committing JDBC Connection [com.mysql.jdbc.Connection@19d1a19]
2018-03-15 09:51:41 JdbcTransaction.java DEBUG Resetting autocommit to true on JDBC Connection [com.mysql.jdbc.Connection@19d1a19]
2018-03-15 09:51:41 JdbcTransaction.java DEBUG Closing JDBC Connection [com.mysql.jdbc.Connection@19d1a19]
2018-03-15 09:51:41 PooledDataSource.java DEBUG Returned connection 27073049 to pool.
2018-03-15 10:39:29 LogFactory.java DEBUG Logging initialized using 'class org.apache.ibatis.logging.log4j.Log4jImpl' adapter.
2018-03-15 10:39:29 LogFactory.java DEBUG Logging initialized using 'class org.apache.ibatis.logging.log4j.Log4jImpl' adapter.
2018-03-15 10:39:29 PooledDataSource.java DEBUG PooledDataSource forcefully closed/removed all connections.
2018-03-15 10:39:29 PooledDataSource.java DEBUG PooledDataSource forcefully closed/removed all connections.
2018-03-15 10:39:29 PooledDataSource.java DEBUG PooledDataSource forcefully closed/removed all connections.
2018-03-15 10:39:29 PooledDataSource.java DEBUG PooledDataSource forcefully closed/removed all connections.
2018-03-15 10:39:29 JdbcTransaction.java DEBUG Openning JDBC Connection
2018-03-15 10:39:29 PooledDataSource.java DEBUG Created connection 27073049.
2018-03-15 10:39:29 BaseJdbcLogger.java DEBUG ooo Using Connection [com.mysql.jdbc.Connection@19d1a19]
2018-03-15 10:39:29 BaseJdbcLogger.java DEBUG ==>  Preparing: insert into tb_user (name,sex,age) values (?,?,?) 
2018-03-15 10:39:29 BaseJdbcLogger.java DEBUG ==> Parameters: 王小二(String), 男(String), 8(Integer)
2018-03-15 10:39:29 JdbcTransaction.java DEBUG Committing JDBC Connection [com.mysql.jdbc.Connection@19d1a19]
2018-03-15 10:39:29 JdbcTransaction.java DEBUG Resetting autocommit to true on JDBC Connection [com.mysql.jdbc.Connection@19d1a19]
2018-03-15 10:39:29 JdbcTransaction.java DEBUG Closing JDBC Connection [com.mysql.jdbc.Connection@19d1a19]
2018-03-15 10:39:29 PooledDataSource.java DEBUG Returned connection 27073049 to pool.
2018-03-15 10:44:39 LogFactory.java DEBUG Logging initialized using 'class org.apache.ibatis.logging.log4j.Log4jImpl' adapter.
2018-03-15 10:44:39 LogFactory.java DEBUG Logging initialized using 'class org.apache.ibatis.logging.log4j.Log4jImpl' adapter.
2018-03-15 10:44:39 PooledDataSource.java DEBUG PooledDataSource forcefully closed/removed all connections.
2018-03-15 10:44:39 PooledDataSource.java DEBUG PooledDataSource forcefully closed/removed all connections.
2018-03-15 10:44:39 PooledDataSource.java DEBUG PooledDataSource forcefully closed/removed all connections.
2018-03-15 10:44:39 PooledDataSource.java DEBUG PooledDataSource forcefully closed/removed all connections.
2018-03-15 10:44:39 JdbcTransaction.java DEBUG Openning JDBC Connection
2018-03-15 10:44:39 PooledDataSource.java DEBUG Created connection 9335632.
2018-03-15 10:44:39 BaseJdbcLogger.java DEBUG ooo Using Connection [com.mysql.jdbc.Connection@8e7350]
2018-03-15 10:44:39 BaseJdbcLogger.java DEBUG ==>  Preparing: select * from tb_user where id=? 
2018-03-15 10:44:39 BaseJdbcLogger.java DEBUG ==> Parameters: 2(Integer)
2018-03-15 10:44:39 JdbcTransaction.java DEBUG Resetting autocommit to true on JDBC Connection [com.mysql.jdbc.Connection@8e7350]
2018-03-15 10:44:39 JdbcTransaction.java DEBUG Closing JDBC Connection [com.mysql.jdbc.Connection@8e7350]
2018-03-15 10:44:39 PooledDataSource.java DEBUG Returned connection 9335632 to pool.
2018-03-15 11:01:33 LogFactory.java DEBUG Logging initialized using 'class org.apache.ibatis.logging.log4j.Log4jImpl' adapter.
2018-03-15 11:01:34 LogFactory.java DEBUG Logging initialized using 'class org.apache.ibatis.logging.log4j.Log4jImpl' adapter.
2018-03-15 11:01:34 PooledDataSource.java DEBUG PooledDataSource forcefully closed/removed all connections.
2018-03-15 11:01:34 PooledDataSource.java DEBUG PooledDataSource forcefully closed/removed all connections.
2018-03-15 11:01:34 PooledDataSource.java DEBUG PooledDataSource forcefully closed/removed all connections.
2018-03-15 11:01:34 PooledDataSource.java DEBUG PooledDataSource forcefully closed/removed all connections.
2018-03-15 11:01:34 JdbcTransaction.java DEBUG Openning JDBC Connection
2018-03-15 11:01:34 PooledDataSource.java DEBUG Created connection 11287177.
2018-03-15 11:01:34 BaseJdbcLogger.java DEBUG ooo Using Connection [com.mysql.jdbc.Connection@ac3a89]
2018-03-15 11:01:34 BaseJdbcLogger.java DEBUG ==>  Preparing: select * from tb_user where id=? 
2018-03-15 11:01:34 BaseJdbcLogger.java DEBUG ==> Parameters: 2(Integer)
2018-03-15 11:01:34 JdbcTransaction.java DEBUG Resetting autocommit to true on JDBC Connection [com.mysql.jdbc.Connection@ac3a89]
2018-03-15 11:01:34 JdbcTransaction.java DEBUG Closing JDBC Connection [com.mysql.jdbc.Connection@ac3a89]
2018-03-15 11:01:34 PooledDataSource.java DEBUG Returned connection 11287177 to pool.
2018-03-15 11:06:25 LogFactory.java DEBUG Logging initialized using 'class org.apache.ibatis.logging.log4j.Log4jImpl' adapter.
2018-03-15 11:06:25 LogFactory.java DEBUG Logging initialized using 'class org.apache.ibatis.logging.log4j.Log4jImpl' adapter.
2018-03-15 11:06:25 PooledDataSource.java DEBUG PooledDataSource forcefully closed/removed all connections.
2018-03-15 11:06:25 PooledDataSource.java DEBUG PooledDataSource forcefully closed/removed all connections.
2018-03-15 11:06:25 PooledDataSource.java DEBUG PooledDataSource forcefully closed/removed all connections.
2018-03-15 11:06:25 PooledDataSource.java DEBUG PooledDataSource forcefully closed/removed all connections.
2018-03-15 11:07:02 LogFactory.java DEBUG Logging initialized using 'class org.apache.ibatis.logging.log4j.Log4jImpl' adapter.
2018-03-15 11:07:02 LogFactory.java DEBUG Logging initialized using 'class org.apache.ibatis.logging.log4j.Log4jImpl' adapter.
2018-03-15 11:07:02 PooledDataSource.java DEBUG PooledDataSource forcefully closed/removed all connections.
2018-03-15 11:07:02 PooledDataSource.java DEBUG PooledDataSource forcefully closed/removed all connections.
2018-03-15 11:07:02 PooledDataSource.java DEBUG PooledDataSource forcefully closed/removed all connections.
2018-03-15 11:07:02 PooledDataSource.java DEBUG PooledDataSource forcefully closed/removed all connections.
2018-03-15 11:07:02 JdbcTransaction.java DEBUG Openning JDBC Connection
2018-03-15 11:07:03 PooledDataSource.java DEBUG Created connection 11287177.
2018-03-15 11:07:03 BaseJdbcLogger.java DEBUG ooo Using Connection [com.mysql.jdbc.Connection@ac3a89]
2018-03-15 11:07:03 BaseJdbcLogger.java DEBUG ==>  Preparing: select * from tb_user where id=? 
2018-03-15 11:07:03 BaseJdbcLogger.java DEBUG ==> Parameters: 2(Integer)
2018-03-15 11:07:03 JdbcTransaction.java DEBUG Resetting autocommit to true on JDBC Connection [com.mysql.jdbc.Connection@ac3a89]
2018-03-15 11:07:03 JdbcTransaction.java DEBUG Closing JDBC Connection [com.mysql.jdbc.Connection@ac3a89]
2018-03-15 11:07:03 PooledDataSource.java DEBUG Returned connection 11287177 to pool.
2018-03-15 11:08:01 LogFactory.java DEBUG Logging initialized using 'class org.apache.ibatis.logging.log4j.Log4jImpl' adapter.
2018-03-15 11:08:01 LogFactory.java DEBUG Logging initialized using 'class org.apache.ibatis.logging.log4j.Log4jImpl' adapter.
2018-03-15 11:08:01 PooledDataSource.java DEBUG PooledDataSource forcefully closed/removed all connections.
2018-03-15 11:08:01 PooledDataSource.java DEBUG PooledDataSource forcefully closed/removed all connections.
2018-03-15 11:08:01 PooledDataSource.java DEBUG PooledDataSource forcefully closed/removed all connections.
2018-03-15 11:08:01 PooledDataSource.java DEBUG PooledDataSource forcefully closed/removed all connections.
2018-03-15 11:08:02 JdbcTransaction.java DEBUG Openning JDBC Connection
2018-03-15 11:08:02 PooledDataSource.java DEBUG Created connection 4584082.
2018-03-15 11:08:02 BaseJdbcLogger.java DEBUG ooo Using Connection [com.mysql.jdbc.Connection@45f292]
2018-03-15 11:08:02 BaseJdbcLogger.java DEBUG ==>  Preparing: insert into tb_user (name,sex,age) values (?,?,?) 
2018-03-15 11:08:02 BaseJdbcLogger.java DEBUG ==> Parameters: 王小六(String), 男(String), 8(Integer)
2018-03-15 11:08:02 JdbcTransaction.java DEBUG Committing JDBC Connection [com.mysql.jdbc.Connection@45f292]
2018-03-15 11:08:02 JdbcTransaction.java DEBUG Resetting autocommit to true on JDBC Connection [com.mysql.jdbc.Connection@45f292]
2018-03-15 11:08:02 JdbcTransaction.java DEBUG Closing JDBC Connection [com.mysql.jdbc.Connection@45f292]
2018-03-15 11:08:02 PooledDataSource.java DEBUG Returned connection 4584082 to pool.
2018-03-17 09:26:25 LogFactory.java DEBUG Logging initialized using 'class org.apache.ibatis.logging.log4j.Log4jImpl' adapter.
2018-03-17 09:26:25 LogFactory.java DEBUG Logging initialized using 'class org.apache.ibatis.logging.log4j.Log4jImpl' adapter.
2018-03-17 09:26:25 PooledDataSource.java DEBUG PooledDataSource forcefully closed/removed all connections.
2018-03-17 09:26:25 PooledDataSource.java DEBUG PooledDataSource forcefully closed/removed all connections.
2018-03-17 09:26:25 PooledDataSource.java DEBUG PooledDataSource forcefully closed/removed all connections.
2018-03-17 09:26:25 PooledDataSource.java DEBUG PooledDataSource forcefully closed/removed all connections.
2018-03-17 09:27:20 LogFactory.java DEBUG Logging initialized using 'class org.apache.ibatis.logging.log4j.Log4jImpl' adapter.
2018-03-17 09:27:20 LogFactory.java DEBUG Logging initialized using 'class org.apache.ibatis.logging.log4j.Log4jImpl' adapter.
2018-03-17 09:27:20 PooledDataSource.java DEBUG PooledDataSource forcefully closed/removed all connections.
2018-03-17 09:27:20 PooledDataSource.java DEBUG PooledDataSource forcefully closed/removed all connections.
2018-03-17 09:27:20 PooledDataSource.java DEBUG PooledDataSource forcefully closed/removed all connections.
2018-03-17 09:27:20 PooledDataSource.java DEBUG PooledDataSource forcefully closed/removed all connections.
2018-03-17 09:27:20 JdbcTransaction.java DEBUG Openning JDBC Connection
2018-03-17 09:27:57 LogFactory.java DEBUG Logging initialized using 'class org.apache.ibatis.logging.log4j.Log4jImpl' adapter.
2018-03-17 09:27:57 LogFactory.java DEBUG Logging initialized using 'class org.apache.ibatis.logging.log4j.Log4jImpl' adapter.
2018-03-17 09:27:58 PooledDataSource.java DEBUG PooledDataSource forcefully closed/removed all connections.
2018-03-17 09:27:58 PooledDataSource.java DEBUG PooledDataSource forcefully closed/removed all connections.
2018-03-17 09:27:58 PooledDataSource.java DEBUG PooledDataSource forcefully closed/removed all connections.
2018-03-17 09:27:58 PooledDataSource.java DEBUG PooledDataSource forcefully closed/removed all connections.
2018-03-17 09:27:58 JdbcTransaction.java DEBUG Openning JDBC Connection
2018-03-17 09:27:58 PooledDataSource.java DEBUG Created connection 27640734.
2018-03-17 09:27:58 BaseJdbcLogger.java DEBUG ooo Using Connection [com.mysql.jdbc.Connection@1a5c39e]
2018-03-17 09:27:58 BaseJdbcLogger.java DEBUG ==>  Preparing: select * from tb_stu where id=4 
2018-03-17 09:27:58 BaseJdbcLogger.java DEBUG ==> Parameters: 
2018-03-17 09:27:58 JdbcTransaction.java DEBUG Resetting autocommit to true on JDBC Connection [com.mysql.jdbc.Connection@1a5c39e]
2018-03-17 09:27:58 JdbcTransaction.java DEBUG Closing JDBC Connection [com.mysql.jdbc.Connection@1a5c39e]
2018-03-17 09:27:58 PooledDataSource.java DEBUG Returned connection 27640734 to pool.
2018-03-17 09:30:30 LogFactory.java DEBUG Logging initialized using 'class org.apache.ibatis.logging.log4j.Log4jImpl' adapter.
2018-03-17 09:30:30 LogFactory.java DEBUG Logging initialized using 'class org.apache.ibatis.logging.log4j.Log4jImpl' adapter.
2018-03-17 09:30:30 PooledDataSource.java DEBUG PooledDataSource forcefully closed/removed all connections.
2018-03-17 09:30:30 PooledDataSource.java DEBUG PooledDataSource forcefully closed/removed all connections.
2018-03-17 09:30:30 PooledDataSource.java DEBUG PooledDataSource forcefully closed/removed all connections.
2018-03-17 09:30:30 PooledDataSource.java DEBUG PooledDataSource forcefully closed/removed all connections.
2018-03-17 09:30:30 JdbcTransaction.java DEBUG Openning JDBC Connection
2018-03-17 09:30:30 PooledDataSource.java DEBUG Created connection 32414089.
2018-03-17 09:30:30 BaseJdbcLogger.java DEBUG ooo Using Connection [com.mysql.jdbc.Connection@1ee9989]
2018-03-17 09:30:30 BaseJdbcLogger.java DEBUG ==>  Preparing: select * from tb_stu where id=4 
2018-03-17 09:30:30 BaseJdbcLogger.java DEBUG ==> Parameters: 
2018-03-17 09:30:30 JdbcTransaction.java DEBUG Resetting autocommit to true on JDBC Connection [com.mysql.jdbc.Connection@1ee9989]
2018-03-17 09:30:30 JdbcTransaction.java DEBUG Closing JDBC Connection [com.mysql.jdbc.Connection@1ee9989]
2018-03-17 09:30:30 PooledDataSource.java DEBUG Returned connection 32414089 to pool.
2018-03-17 09:38:46 LogFactory.java DEBUG Logging initialized using 'class org.apache.ibatis.logging.log4j.Log4jImpl' adapter.
2018-03-17 09:38:46 LogFactory.java DEBUG Logging initialized using 'class org.apache.ibatis.logging.log4j.Log4jImpl' adapter.
2018-03-17 09:38:46 PooledDataSource.java DEBUG PooledDataSource forcefully closed/removed all connections.
2018-03-17 09:38:46 PooledDataSource.java DEBUG PooledDataSource forcefully closed/removed all connections.
2018-03-17 09:38:46 PooledDataSource.java DEBUG PooledDataSource forcefully closed/removed all connections.
2018-03-17 09:38:46 PooledDataSource.java DEBUG PooledDataSource forcefully closed/removed all connections.
2018-03-17 09:38:46 JdbcTransaction.java DEBUG Openning JDBC Connection
2018-03-17 09:38:46 PooledDataSource.java DEBUG Created connection 32414089.
2018-03-17 09:38:46 BaseJdbcLogger.java DEBUG ooo Using Connection [com.mysql.jdbc.Connection@1ee9989]
2018-03-17 09:38:46 BaseJdbcLogger.java DEBUG ==>  Preparing: select * from tb_stu where id=5 
2018-03-17 09:38:46 BaseJdbcLogger.java DEBUG ==> Parameters: 
2018-03-17 09:39:06 LogFactory.java DEBUG Logging initialized using 'class org.apache.ibatis.logging.log4j.Log4jImpl' adapter.
2018-03-17 09:39:06 LogFactory.java DEBUG Logging initialized using 'class org.apache.ibatis.logging.log4j.Log4jImpl' adapter.
2018-03-17 09:39:06 PooledDataSource.java DEBUG PooledDataSource forcefully closed/removed all connections.
2018-03-17 09:39:06 PooledDataSource.java DEBUG PooledDataSource forcefully closed/removed all connections.
2018-03-17 09:39:06 PooledDataSource.java DEBUG PooledDataSource forcefully closed/removed all connections.
2018-03-17 09:39:06 PooledDataSource.java DEBUG PooledDataSource forcefully closed/removed all connections.
2018-03-17 09:39:06 JdbcTransaction.java DEBUG Openning JDBC Connection
2018-03-17 09:39:06 PooledDataSource.java DEBUG Created connection 32414089.
2018-03-17 09:39:06 BaseJdbcLogger.java DEBUG ooo Using Connection [com.mysql.jdbc.Connection@1ee9989]
2018-03-17 09:39:06 BaseJdbcLogger.java DEBUG ==>  Preparing: select * from tb_student1 where id=5 
2018-03-17 09:39:06 BaseJdbcLogger.java DEBUG ==> Parameters: 
2018-03-17 09:39:06 JdbcTransaction.java DEBUG Resetting autocommit to true on JDBC Connection [com.mysql.jdbc.Connection@1ee9989]
2018-03-17 09:39:06 JdbcTransaction.java DEBUG Closing JDBC Connection [com.mysql.jdbc.Connection@1ee9989]
2018-03-17 09:39:06 PooledDataSource.java DEBUG Returned connection 32414089 to pool.
2018-03-17 09:39:45 LogFactory.java DEBUG Logging initialized using 'class org.apache.ibatis.logging.log4j.Log4jImpl' adapter.
2018-03-17 09:39:45 LogFactory.java DEBUG Logging initialized using 'class org.apache.ibatis.logging.log4j.Log4jImpl' adapter.
2018-03-17 09:39:45 PooledDataSource.java DEBUG PooledDataSource forcefully closed/removed all connections.
2018-03-17 09:39:45 PooledDataSource.java DEBUG PooledDataSource forcefully closed/removed all connections.
2018-03-17 09:39:45 PooledDataSource.java DEBUG PooledDataSource forcefully closed/removed all connections.
2018-03-17 09:39:45 PooledDataSource.java DEBUG PooledDataSource forcefully closed/removed all connections.
2018-03-17 09:39:45 JdbcTransaction.java DEBUG Openning JDBC Connection
2018-03-17 09:39:45 PooledDataSource.java DEBUG Created connection 32414089.
2018-03-17 09:39:45 BaseJdbcLogger.java DEBUG ooo Using Connection [com.mysql.jdbc.Connection@1ee9989]
2018-03-17 09:39:45 BaseJdbcLogger.java DEBUG ==>  Preparing: select * from tb_student1 where id=5 
2018-03-17 09:39:45 BaseJdbcLogger.java DEBUG ==> Parameters: 
2018-03-17 09:39:45 JdbcTransaction.java DEBUG Resetting autocommit to true on JDBC Connection [com.mysql.jdbc.Connection@1ee9989]
2018-03-17 09:39:45 JdbcTransaction.java DEBUG Closing JDBC Connection [com.mysql.jdbc.Connection@1ee9989]
2018-03-17 09:39:45 PooledDataSource.java DEBUG Returned connection 32414089 to pool.
2018-03-17 09:39:59 LogFactory.java DEBUG Logging initialized using 'class org.apache.ibatis.logging.log4j.Log4jImpl' adapter.
2018-03-17 09:39:59 LogFactory.java DEBUG Logging initialized using 'class org.apache.ibatis.logging.log4j.Log4jImpl' adapter.
2018-03-17 09:39:59 PooledDataSource.java DEBUG PooledDataSource forcefully closed/removed all connections.
2018-03-17 09:39:59 PooledDataSource.java DEBUG PooledDataSource forcefully closed/removed all connections.
2018-03-17 09:39:59 PooledDataSource.java DEBUG PooledDataSource forcefully closed/removed all connections.
2018-03-17 09:39:59 PooledDataSource.java DEBUG PooledDataSource forcefully closed/removed all connections.
2018-03-17 09:39:59 JdbcTransaction.java DEBUG Openning JDBC Connection
2018-03-17 09:39:59 PooledDataSource.java DEBUG Created connection 27640734.
2018-03-17 09:39:59 BaseJdbcLogger.java DEBUG ooo Using Connection [com.mysql.jdbc.Connection@1a5c39e]
2018-03-17 09:39:59 BaseJdbcLogger.java DEBUG ==>  Preparing: select * from tb_student1 where id=5 
2018-03-17 09:39:59 BaseJdbcLogger.java DEBUG ==> Parameters: 
2018-03-17 09:39:59 JdbcTransaction.java DEBUG Resetting autocommit to true on JDBC Connection [com.mysql.jdbc.Connection@1a5c39e]
2018-03-17 09:39:59 JdbcTransaction.java DEBUG Closing JDBC Connection [com.mysql.jdbc.Connection@1a5c39e]
2018-03-17 09:39:59 PooledDataSource.java DEBUG Returned connection 27640734 to pool.
2018-03-17 09:42:38 LogFactory.java DEBUG Logging initialized using 'class org.apache.ibatis.logging.log4j.Log4jImpl' adapter.
2018-03-17 09:42:38 LogFactory.java DEBUG Logging initialized using 'class org.apache.ibatis.logging.log4j.Log4jImpl' adapter.
2018-03-17 09:42:38 PooledDataSource.java DEBUG PooledDataSource forcefully closed/removed all connections.
2018-03-17 09:42:38 PooledDataSource.java DEBUG PooledDataSource forcefully closed/removed all connections.
2018-03-17 09:42:38 PooledDataSource.java DEBUG PooledDataSource forcefully closed/removed all connections.
2018-03-17 09:42:38 PooledDataSource.java DEBUG PooledDataSource forcefully closed/removed all connections.
2018-03-17 09:42:38 JdbcTransaction.java DEBUG Openning JDBC Connection
2018-03-17 09:42:38 PooledDataSource.java DEBUG Created connection 27640734.
2018-03-17 09:42:38 BaseJdbcLogger.java DEBUG ooo Using Connection [com.mysql.jdbc.Connection@1a5c39e]
2018-03-17 09:42:38 BaseJdbcLogger.java DEBUG ==>  Preparing: select * from tb_student1 where id=5 
2018-03-17 09:42:38 BaseJdbcLogger.java DEBUG ==> Parameters: 
2018-03-17 09:42:38 JdbcTransaction.java DEBUG Resetting autocommit to true on JDBC Connection [com.mysql.jdbc.Connection@1a5c39e]
2018-03-17 09:42:38 JdbcTransaction.java DEBUG Closing JDBC Connection [com.mysql.jdbc.Connection@1a5c39e]
2018-03-17 09:42:38 PooledDataSource.java DEBUG Returned connection 27640734 to pool.
2018-03-17 09:43:06 LogFactory.java DEBUG Logging initialized using 'class org.apache.ibatis.logging.log4j.Log4jImpl' adapter.
2018-03-17 09:43:06 LogFactory.java DEBUG Logging initialized using 'class org.apache.ibatis.logging.log4j.Log4jImpl' adapter.
2018-03-17 09:43:06 PooledDataSource.java DEBUG PooledDataSource forcefully closed/removed all connections.
2018-03-17 09:43:06 PooledDataSource.java DEBUG PooledDataSource forcefully closed/removed all connections.
2018-03-17 09:43:06 PooledDataSource.java DEBUG PooledDataSource forcefully closed/removed all connections.
2018-03-17 09:43:06 PooledDataSource.java DEBUG PooledDataSource forcefully closed/removed all connections.
2018-03-17 09:43:06 JdbcTransaction.java DEBUG Openning JDBC Connection
2018-03-17 09:43:07 PooledDataSource.java DEBUG Created connection 27640734.
2018-03-17 09:43:07 BaseJdbcLogger.java DEBUG ooo Using Connection [com.mysql.jdbc.Connection@1a5c39e]
2018-03-17 09:43:07 BaseJdbcLogger.java DEBUG ==>  Preparing: select * from tb_student1 where id=5 
2018-03-17 09:43:07 BaseJdbcLogger.java DEBUG ==> Parameters: 
2018-03-17 09:43:07 JdbcTransaction.java DEBUG Resetting autocommit to true on JDBC Connection [com.mysql.jdbc.Connection@1a5c39e]
2018-03-17 09:43:07 JdbcTransaction.java DEBUG Closing JDBC Connection [com.mysql.jdbc.Connection@1a5c39e]
2018-03-17 09:43:07 PooledDataSource.java DEBUG Returned connection 27640734 to pool.
2018-03-17 09:45:21 LogFactory.java DEBUG Logging initialized using 'class org.apache.ibatis.logging.log4j.Log4jImpl' adapter.
2018-03-17 09:45:21 LogFactory.java DEBUG Logging initialized using 'class org.apache.ibatis.logging.log4j.Log4jImpl' adapter.
2018-03-17 09:45:21 PooledDataSource.java DEBUG PooledDataSource forcefully closed/removed all connections.
2018-03-17 09:45:21 PooledDataSource.java DEBUG PooledDataSource forcefully closed/removed all connections.
2018-03-17 09:45:21 PooledDataSource.java DEBUG PooledDataSource forcefully closed/removed all connections.
2018-03-17 09:45:21 PooledDataSource.java DEBUG PooledDataSource forcefully closed/removed all connections.
2018-03-17 09:45:21 JdbcTransaction.java DEBUG Openning JDBC Connection
2018-03-17 09:45:21 PooledDataSource.java DEBUG Created connection 32414089.
2018-03-17 09:45:21 BaseJdbcLogger.java DEBUG ooo Using Connection [com.mysql.jdbc.Connection@1ee9989]
2018-03-17 09:45:21 BaseJdbcLogger.java DEBUG ==>  Preparing: select * from tb_student1 where id=5 
2018-03-17 09:45:21 BaseJdbcLogger.java DEBUG ==> Parameters: 
2018-03-17 09:45:21 JdbcTransaction.java DEBUG Resetting autocommit to true on JDBC Connection [com.mysql.jdbc.Connection@1ee9989]
2018-03-17 09:45:21 JdbcTransaction.java DEBUG Closing JDBC Connection [com.mysql.jdbc.Connection@1ee9989]
2018-03-17 09:45:21 PooledDataSource.java DEBUG Returned connection 32414089 to pool.
2018-03-17 10:14:54 LogFactory.java DEBUG Logging initialized using 'class org.apache.ibatis.logging.log4j.Log4jImpl' adapter.
2018-03-17 10:14:54 LogFactory.java DEBUG Logging initialized using 'class org.apache.ibatis.logging.log4j.Log4jImpl' adapter.
2018-03-17 10:14:54 PooledDataSource.java DEBUG PooledDataSource forcefully closed/removed all connections.
2018-03-17 10:14:54 PooledDataSource.java DEBUG PooledDataSource forcefully closed/removed all connections.
2018-03-17 10:14:54 PooledDataSource.java DEBUG PooledDataSource forcefully closed/removed all connections.
2018-03-17 10:14:54 PooledDataSource.java DEBUG PooledDataSource forcefully closed/removed all connections.
2018-03-17 10:14:54 JdbcTransaction.java DEBUG Openning JDBC Connection
2018-03-17 10:14:54 PooledDataSource.java DEBUG Created connection 27640734.
2018-03-17 10:14:54 BaseJdbcLogger.java DEBUG ooo Using Connection [com.mysql.jdbc.Connection@1a5c39e]
2018-03-17 10:14:54 BaseJdbcLogger.java DEBUG ==>  Preparing: select * from tb_student1 
2018-03-17 10:14:54 BaseJdbcLogger.java DEBUG ==> Parameters: 
2018-03-17 10:14:54 JdbcTransaction.java DEBUG Resetting autocommit to true on JDBC Connection [com.mysql.jdbc.Connection@1a5c39e]
2018-03-17 10:14:54 JdbcTransaction.java DEBUG Closing JDBC Connection [com.mysql.jdbc.Connection@1a5c39e]
2018-03-17 10:14:54 PooledDataSource.java DEBUG Returned connection 27640734 to pool.
2018-03-17 10:17:28 LogFactory.java DEBUG Logging initialized using 'class org.apache.ibatis.logging.log4j.Log4jImpl' adapter.
2018-03-17 10:17:28 LogFactory.java DEBUG Logging initialized using 'class org.apache.ibatis.logging.log4j.Log4jImpl' adapter.
2018-03-17 10:17:28 PooledDataSource.java DEBUG PooledDataSource forcefully closed/removed all connections.
2018-03-17 10:17:28 PooledDataSource.java DEBUG PooledDataSource forcefully closed/removed all connections.
2018-03-17 10:17:28 PooledDataSource.java DEBUG PooledDataSource forcefully closed/removed all connections.
2018-03-17 10:17:28 PooledDataSource.java DEBUG PooledDataSource forcefully closed/removed all connections.
2018-03-17 10:17:28 JdbcTransaction.java DEBUG Openning JDBC Connection
2018-03-17 10:17:28 PooledDataSource.java DEBUG Created connection 1402865.
2018-03-17 10:17:28 BaseJdbcLogger.java DEBUG ooo Using Connection [com.mysql.jdbc.Connection@1567f1]
2018-03-17 10:17:28 BaseJdbcLogger.java DEBUG ==>  Preparing: select * from tb_student1 where id=? 
2018-03-17 10:17:28 BaseJdbcLogger.java DEBUG ==> Parameters: 5(Integer)
2018-03-17 10:17:28 JdbcTransaction.java DEBUG Resetting autocommit to true on JDBC Connection [com.mysql.jdbc.Connection@1567f1]
2018-03-17 10:17:28 JdbcTransaction.java DEBUG Closing JDBC Connection [com.mysql.jdbc.Connection@1567f1]
2018-03-17 10:17:28 PooledDataSource.java DEBUG Returned connection 1402865 to pool.
2018-03-17 10:24:18 LogFactory.java DEBUG Logging initialized using 'class org.apache.ibatis.logging.log4j.Log4jImpl' adapter.
2018-03-17 10:24:18 LogFactory.java DEBUG Logging initialized using 'class org.apache.ibatis.logging.log4j.Log4jImpl' adapter.
2018-03-17 10:24:18 PooledDataSource.java DEBUG PooledDataSource forcefully closed/removed all connections.
2018-03-17 10:24:18 PooledDataSource.java DEBUG PooledDataSource forcefully closed/removed all connections.
2018-03-17 10:24:18 PooledDataSource.java DEBUG PooledDataSource forcefully closed/removed all connections.
2018-03-17 10:24:18 PooledDataSource.java DEBUG PooledDataSource forcefully closed/removed all connections.
2018-03-17 10:24:19 JdbcTransaction.java DEBUG Openning JDBC Connection
2018-03-17 10:24:19 PooledDataSource.java DEBUG Created connection 410910.
2018-03-17 10:24:19 BaseJdbcLogger.java DEBUG ooo Using Connection [com.mysql.jdbc.Connection@6451e]
2018-03-17 10:24:19 BaseJdbcLogger.java DEBUG ==>  Preparing: select * from tb_student1 
2018-03-17 10:24:19 BaseJdbcLogger.java DEBUG ==> Parameters: 
2018-03-17 10:24:19 JdbcTransaction.java DEBUG Resetting autocommit to true on JDBC Connection [com.mysql.jdbc.Connection@6451e]
2018-03-17 10:24:19 JdbcTransaction.java DEBUG Closing JDBC Connection [com.mysql.jdbc.Connection@6451e]
2018-03-17 10:24:19 PooledDataSource.java DEBUG Returned connection 410910 to pool.
2018-03-17 10:28:00 LogFactory.java DEBUG Logging initialized using 'class org.apache.ibatis.logging.log4j.Log4jImpl' adapter.
2018-03-17 10:28:00 LogFactory.java DEBUG Logging initialized using 'class org.apache.ibatis.logging.log4j.Log4jImpl' adapter.
2018-03-17 10:28:00 PooledDataSource.java DEBUG PooledDataSource forcefully closed/removed all connections.
2018-03-17 10:28:00 PooledDataSource.java DEBUG PooledDataSource forcefully closed/removed all connections.
2018-03-17 10:28:00 PooledDataSource.java DEBUG PooledDataSource forcefully closed/removed all connections.
2018-03-17 10:28:00 PooledDataSource.java DEBUG PooledDataSource forcefully closed/removed all connections.
2018-03-17 10:28:00 JdbcTransaction.java DEBUG Openning JDBC Connection
2018-03-17 10:28:00 PooledDataSource.java DEBUG Created connection 1402865.
2018-03-17 10:28:00 BaseJdbcLogger.java DEBUG ooo Using Connection [com.mysql.jdbc.Connection@1567f1]
2018-03-17 10:28:00 BaseJdbcLogger.java DEBUG ==>  Preparing: select * from tb_student1 
2018-03-17 10:28:00 BaseJdbcLogger.java DEBUG ==> Parameters: 
2018-03-17 10:29:06 LogFactory.java DEBUG Logging initialized using 'class org.apache.ibatis.logging.log4j.Log4jImpl' adapter.
2018-03-17 10:29:06 LogFactory.java DEBUG Logging initialized using 'class org.apache.ibatis.logging.log4j.Log4jImpl' adapter.
2018-03-17 10:29:06 PooledDataSource.java DEBUG PooledDataSource forcefully closed/removed all connections.
2018-03-17 10:29:06 PooledDataSource.java DEBUG PooledDataSource forcefully closed/removed all connections.
2018-03-17 10:29:06 PooledDataSource.java DEBUG PooledDataSource forcefully closed/removed all connections.
2018-03-17 10:29:06 PooledDataSource.java DEBUG PooledDataSource forcefully closed/removed all connections.
2018-03-17 10:29:07 JdbcTransaction.java DEBUG Openning JDBC Connection
2018-03-17 10:29:07 PooledDataSource.java DEBUG Created connection 1402865.
2018-03-17 10:29:07 BaseJdbcLogger.java DEBUG ooo Using Connection [com.mysql.jdbc.Connection@1567f1]
2018-03-17 10:29:07 BaseJdbcLogger.java DEBUG ==>  Preparing: select * from tb_student1 
2018-03-17 10:29:07 BaseJdbcLogger.java DEBUG ==> Parameters: 
2018-03-17 10:29:36 LogFactory.java DEBUG Logging initialized using 'class org.apache.ibatis.logging.log4j.Log4jImpl' adapter.
2018-03-17 10:29:36 LogFactory.java DEBUG Logging initialized using 'class org.apache.ibatis.logging.log4j.Log4jImpl' adapter.
2018-03-17 10:29:36 PooledDataSource.java DEBUG PooledDataSource forcefully closed/removed all connections.
2018-03-17 10:29:36 PooledDataSource.java DEBUG PooledDataSource forcefully closed/removed all connections.
2018-03-17 10:29:36 PooledDataSource.java DEBUG PooledDataSource forcefully closed/removed all connections.
2018-03-17 10:29:36 PooledDataSource.java DEBUG PooledDataSource forcefully closed/removed all connections.
2018-03-17 10:29:36 JdbcTransaction.java DEBUG Openning JDBC Connection
2018-03-17 10:29:36 PooledDataSource.java DEBUG Created connection 1402865.
2018-03-17 10:29:36 BaseJdbcLogger.java DEBUG ooo Using Connection [com.mysql.jdbc.Connection@1567f1]
2018-03-17 10:29:36 BaseJdbcLogger.java DEBUG ==>  Preparing: select * from tb_student1 where id=5 
2018-03-17 10:29:36 BaseJdbcLogger.java DEBUG ==> Parameters: 
2018-03-17 10:29:36 JdbcTransaction.java DEBUG Resetting autocommit to true on JDBC Connection [com.mysql.jdbc.Connection@1567f1]
2018-03-17 10:29:36 JdbcTransaction.java DEBUG Closing JDBC Connection [com.mysql.jdbc.Connection@1567f1]
2018-03-17 10:29:36 PooledDataSource.java DEBUG Returned connection 1402865 to pool.
2018-03-17 10:30:32 LogFactory.java DEBUG Logging initialized using 'class org.apache.ibatis.logging.log4j.Log4jImpl' adapter.
2018-03-17 10:30:32 LogFactory.java DEBUG Logging initialized using 'class org.apache.ibatis.logging.log4j.Log4jImpl' adapter.
2018-03-17 10:30:32 PooledDataSource.java DEBUG PooledDataSource forcefully closed/removed all connections.
2018-03-17 10:30:32 PooledDataSource.java DEBUG PooledDataSource forcefully closed/removed all connections.
2018-03-17 10:30:32 PooledDataSource.java DEBUG PooledDataSource forcefully closed/removed all connections.
2018-03-17 10:30:32 PooledDataSource.java DEBUG PooledDataSource forcefully closed/removed all connections.
2018-03-17 10:30:33 JdbcTransaction.java DEBUG Openning JDBC Connection
2018-03-17 10:30:33 PooledDataSource.java DEBUG Created connection 1402865.
2018-03-17 10:30:33 BaseJdbcLogger.java DEBUG ooo Using Connection [com.mysql.jdbc.Connection@1567f1]
2018-03-17 10:30:33 BaseJdbcLogger.java DEBUG ==>  Preparing: select * from tb_student1 where id=5 
2018-03-17 10:30:33 BaseJdbcLogger.java DEBUG ==> Parameters: 
2018-03-17 10:30:49 LogFactory.java DEBUG Logging initialized using 'class org.apache.ibatis.logging.log4j.Log4jImpl' adapter.
2018-03-17 10:30:49 LogFactory.java DEBUG Logging initialized using 'class org.apache.ibatis.logging.log4j.Log4jImpl' adapter.
2018-03-17 10:30:49 PooledDataSource.java DEBUG PooledDataSource forcefully closed/removed all connections.
2018-03-17 10:30:49 PooledDataSource.java DEBUG PooledDataSource forcefully closed/removed all connections.
2018-03-17 10:30:49 PooledDataSource.java DEBUG PooledDataSource forcefully closed/removed all connections.
2018-03-17 10:30:49 PooledDataSource.java DEBUG PooledDataSource forcefully closed/removed all connections.
2018-03-17 10:30:49 JdbcTransaction.java DEBUG Openning JDBC Connection
2018-03-17 10:30:50 PooledDataSource.java DEBUG Created connection 1402865.
2018-03-17 10:30:50 BaseJdbcLogger.java DEBUG ooo Using Connection [com.mysql.jdbc.Connection@1567f1]
2018-03-17 10:30:50 BaseJdbcLogger.java DEBUG ==>  Preparing: select * from tb_student1 
2018-03-17 10:30:50 BaseJdbcLogger.java DEBUG ==> Parameters: 
2018-03-17 10:31:20 LogFactory.java DEBUG Logging initialized using 'class org.apache.ibatis.logging.log4j.Log4jImpl' adapter.
2018-03-17 10:31:20 LogFactory.java DEBUG Logging initialized using 'class org.apache.ibatis.logging.log4j.Log4jImpl' adapter.
2018-03-17 10:31:20 PooledDataSource.java DEBUG PooledDataSource forcefully closed/removed all connections.
2018-03-17 10:31:20 PooledDataSource.java DEBUG PooledDataSource forcefully closed/removed all connections.
2018-03-17 10:31:20 PooledDataSource.java DEBUG PooledDataSource forcefully closed/removed all connections.
2018-03-17 10:31:20 PooledDataSource.java DEBUG PooledDataSource forcefully closed/removed all connections.
2018-03-17 10:31:20 JdbcTransaction.java DEBUG Openning JDBC Connection
2018-03-17 10:31:21 PooledDataSource.java DEBUG Created connection 1402865.
2018-03-17 10:31:21 BaseJdbcLogger.java DEBUG ooo Using Connection [com.mysql.jdbc.Connection@1567f1]
2018-03-17 10:31:21 BaseJdbcLogger.java DEBUG ==>  Preparing: select * from tb_student1 
2018-03-17 10:31:21 BaseJdbcLogger.java DEBUG ==> Parameters: 
2018-03-17 10:35:02 LogFactory.java DEBUG Logging initialized using 'class org.apache.ibatis.logging.log4j.Log4jImpl' adapter.
2018-03-17 10:35:02 LogFactory.java DEBUG Logging initialized using 'class org.apache.ibatis.logging.log4j.Log4jImpl' adapter.
2018-03-17 10:35:02 PooledDataSource.java DEBUG PooledDataSource forcefully closed/removed all connections.
2018-03-17 10:35:02 PooledDataSource.java DEBUG PooledDataSource forcefully closed/removed all connections.
2018-03-17 10:35:02 PooledDataSource.java DEBUG PooledDataSource forcefully closed/removed all connections.
2018-03-17 10:35:02 PooledDataSource.java DEBUG PooledDataSource forcefully closed/removed all connections.
2018-03-17 10:35:02 JdbcTransaction.java DEBUG Openning JDBC Connection
2018-03-17 10:35:02 PooledDataSource.java DEBUG Created connection 1402865.
2018-03-17 10:35:02 BaseJdbcLogger.java DEBUG ooo Using Connection [com.mysql.jdbc.Connection@1567f1]
2018-03-17 10:35:02 BaseJdbcLogger.java DEBUG ==>  Preparing: select * from tb_student1 
2018-03-17 10:35:02 BaseJdbcLogger.java DEBUG ==> Parameters: 
2018-03-17 10:39:38 LogFactory.java DEBUG Logging initialized using 'class org.apache.ibatis.logging.log4j.Log4jImpl' adapter.
2018-03-17 10:39:38 LogFactory.java DEBUG Logging initialized using 'class org.apache.ibatis.logging.log4j.Log4jImpl' adapter.
2018-03-17 10:39:39 PooledDataSource.java DEBUG PooledDataSource forcefully closed/removed all connections.
2018-03-17 10:39:39 PooledDataSource.java DEBUG PooledDataSource forcefully closed/removed all connections.
2018-03-17 10:39:39 PooledDataSource.java DEBUG PooledDataSource forcefully closed/removed all connections.
2018-03-17 10:39:39 PooledDataSource.java DEBUG PooledDataSource forcefully closed/removed all connections.
2018-03-17 10:39:39 JdbcTransaction.java DEBUG Openning JDBC Connection
2018-03-17 10:39:39 PooledDataSource.java DEBUG Created connection 410910.
2018-03-17 10:39:39 BaseJdbcLogger.java DEBUG ooo Using Connection [com.mysql.jdbc.Connection@6451e]
2018-03-17 10:39:39 BaseJdbcLogger.java DEBUG ==>  Preparing: select * from tb_student1 
2018-03-17 10:39:39 BaseJdbcLogger.java DEBUG ==> Parameters: 
2018-03-17 10:39:39 JdbcTransaction.java DEBUG Resetting autocommit to true on JDBC Connection [com.mysql.jdbc.Connection@6451e]
2018-03-17 10:39:39 JdbcTransaction.java DEBUG Closing JDBC Connection [com.mysql.jdbc.Connection@6451e]
2018-03-17 10:39:39 PooledDataSource.java DEBUG Returned connection 410910 to pool.
2018-03-17 10:42:21 LogFactory.java DEBUG Logging initialized using 'class org.apache.ibatis.logging.log4j.Log4jImpl' adapter.
2018-03-17 10:42:21 LogFactory.java DEBUG Logging initialized using 'class org.apache.ibatis.logging.log4j.Log4jImpl' adapter.
2018-03-17 10:42:21 PooledDataSource.java DEBUG PooledDataSource forcefully closed/removed all connections.
2018-03-17 10:42:21 PooledDataSource.java DEBUG PooledDataSource forcefully closed/removed all connections.
2018-03-17 10:42:21 PooledDataSource.java DEBUG PooledDataSource forcefully closed/removed all connections.
2018-03-17 10:42:21 PooledDataSource.java DEBUG PooledDataSource forcefully closed/removed all connections.
2018-03-17 10:43:18 LogFactory.java DEBUG Logging initialized using 'class org.apache.ibatis.logging.log4j.Log4jImpl' adapter.
2018-03-17 10:43:18 LogFactory.java DEBUG Logging initialized using 'class org.apache.ibatis.logging.log4j.Log4jImpl' adapter.
2018-03-17 10:43:18 PooledDataSource.java DEBUG PooledDataSource forcefully closed/removed all connections.
2018-03-17 10:43:18 PooledDataSource.java DEBUG PooledDataSource forcefully closed/removed all connections.
2018-03-17 10:43:18 PooledDataSource.java DEBUG PooledDataSource forcefully closed/removed all connections.
2018-03-17 10:43:18 PooledDataSource.java DEBUG PooledDataSource forcefully closed/removed all connections.
2018-03-17 10:44:07 LogFactory.java DEBUG Logging initialized using 'class org.apache.ibatis.logging.log4j.Log4jImpl' adapter.
2018-03-17 10:44:07 LogFactory.java DEBUG Logging initialized using 'class org.apache.ibatis.logging.log4j.Log4jImpl' adapter.
2018-03-17 10:44:07 PooledDataSource.java DEBUG PooledDataSource forcefully closed/removed all connections.
2018-03-17 10:44:07 PooledDataSource.java DEBUG PooledDataSource forcefully closed/removed all connections.
2018-03-17 10:44:07 PooledDataSource.java DEBUG PooledDataSource forcefully closed/removed all connections.
2018-03-17 10:44:07 PooledDataSource.java DEBUG PooledDataSource forcefully closed/removed all connections.
2018-03-17 10:44:07 JdbcTransaction.java DEBUG Openning JDBC Connection
2018-03-17 10:44:07 PooledDataSource.java DEBUG Created connection 410910.
2018-03-17 10:44:07 BaseJdbcLogger.java DEBUG ooo Using Connection [com.mysql.jdbc.Connection@6451e]
2018-03-17 10:44:07 BaseJdbcLogger.java DEBUG ==>  Preparing: select * from tb_student1 
2018-03-17 10:44:07 BaseJdbcLogger.java DEBUG ==> Parameters: 
2018-03-17 10:44:07 BaseJdbcLogger.java DEBUG ooo Using Connection [com.mysql.jdbc.Connection@6451e]
2018-03-17 10:44:07 BaseJdbcLogger.java DEBUG ==>  Preparing: select * from tb_student1 
2018-03-17 10:44:07 BaseJdbcLogger.java DEBUG ==> Parameters: 
2018-03-17 10:44:32 LogFactory.java DEBUG Logging initialized using 'class org.apache.ibatis.logging.log4j.Log4jImpl' adapter.
2018-03-17 10:44:32 LogFactory.java DEBUG Logging initialized using 'class org.apache.ibatis.logging.log4j.Log4jImpl' adapter.
2018-03-17 10:44:32 PooledDataSource.java DEBUG PooledDataSource forcefully closed/removed all connections.
2018-03-17 10:44:32 PooledDataSource.java DEBUG PooledDataSource forcefully closed/removed all connections.
2018-03-17 10:44:32 PooledDataSource.java DEBUG PooledDataSource forcefully closed/removed all connections.
2018-03-17 10:44:32 PooledDataSource.java DEBUG PooledDataSource forcefully closed/removed all connections.
2018-03-17 10:44:32 JdbcTransaction.java DEBUG Openning JDBC Connection
2018-03-17 10:44:32 PooledDataSource.java DEBUG Created connection 1402865.
2018-03-17 10:44:32 BaseJdbcLogger.java DEBUG ooo Using Connection [com.mysql.jdbc.Connection@1567f1]
2018-03-17 10:44:32 BaseJdbcLogger.java DEBUG ==>  Preparing: select * from tb_student1 
2018-03-17 10:44:32 BaseJdbcLogger.java DEBUG ==> Parameters: 
