2018-03-15 14:42:30 LogFactory.java DEBUG Logging initialized using 'class org.apache.ibatis.logging.log4j.Log4jImpl' adapter.
2018-03-15 14:42:31 LogFactory.java DEBUG Logging initialized using 'class org.apache.ibatis.logging.log4j.Log4jImpl' adapter.
2018-03-15 14:42:31 PooledDataSource.java DEBUG PooledDataSource forcefully closed/removed all connections.
2018-03-15 14:42:31 PooledDataSource.java DEBUG PooledDataSource forcefully closed/removed all connections.
2018-03-15 14:42:31 PooledDataSource.java DEBUG PooledDataSource forcefully closed/removed all connections.
2018-03-15 14:42:31 PooledDataSource.java DEBUG PooledDataSource forcefully closed/removed all connections.
2018-03-15 14:43:31 LogFactory.java DEBUG Logging initialized using 'class org.apache.ibatis.logging.log4j.Log4jImpl' adapter.
2018-03-15 14:43:31 LogFactory.java DEBUG Logging initialized using 'class org.apache.ibatis.logging.log4j.Log4jImpl' adapter.
2018-03-15 14:43:31 PooledDataSource.java DEBUG PooledDataSource forcefully closed/removed all connections.
2018-03-15 14:43:31 PooledDataSource.java DEBUG PooledDataSource forcefully closed/removed all connections.
2018-03-15 14:43:31 PooledDataSource.java DEBUG PooledDataSource forcefully closed/removed all connections.
2018-03-15 14:43:31 PooledDataSource.java DEBUG PooledDataSource forcefully closed/removed all connections.
2018-03-15 14:45:12 LogFactory.java DEBUG Logging initialized using 'class org.apache.ibatis.logging.log4j.Log4jImpl' adapter.
2018-03-15 14:45:12 LogFactory.java DEBUG Logging initialized using 'class org.apache.ibatis.logging.log4j.Log4jImpl' adapter.
2018-03-15 14:45:12 PooledDataSource.java DEBUG PooledDataSource forcefully closed/removed all connections.
2018-03-15 14:45:12 PooledDataSource.java DEBUG PooledDataSource forcefully closed/removed all connections.
2018-03-15 14:45:12 PooledDataSource.java DEBUG PooledDataSource forcefully closed/removed all connections.
2018-03-15 14:45:12 PooledDataSource.java DEBUG PooledDataSource forcefully closed/removed all connections.
2018-03-15 14:46:13 LogFactory.java DEBUG Logging initialized using 'class org.apache.ibatis.logging.log4j.Log4jImpl' adapter.
2018-03-15 14:46:13 LogFactory.java DEBUG Logging initialized using 'class org.apache.ibatis.logging.log4j.Log4jImpl' adapter.
2018-03-15 14:46:13 PooledDataSource.java DEBUG PooledDataSource forcefully closed/removed all connections.
2018-03-15 14:46:13 PooledDataSource.java DEBUG PooledDataSource forcefully closed/removed all connections.
2018-03-15 14:46:13 PooledDataSource.java DEBUG PooledDataSource forcefully closed/removed all connections.
2018-03-15 14:46:13 PooledDataSource.java DEBUG PooledDataSource forcefully closed/removed all connections.
2018-03-15 14:47:07 LogFactory.java DEBUG Logging initialized using 'class org.apache.ibatis.logging.log4j.Log4jImpl' adapter.
2018-03-15 14:47:08 LogFactory.java DEBUG Logging initialized using 'class org.apache.ibatis.logging.log4j.Log4jImpl' adapter.
2018-03-15 14:47:08 PooledDataSource.java DEBUG PooledDataSource forcefully closed/removed all connections.
2018-03-15 14:47:08 PooledDataSource.java DEBUG PooledDataSource forcefully closed/removed all connections.
2018-03-15 14:47:08 PooledDataSource.java DEBUG PooledDataSource forcefully closed/removed all connections.
2018-03-15 14:47:08 PooledDataSource.java DEBUG PooledDataSource forcefully closed/removed all connections.
2018-03-15 14:48:52 LogFactory.java DEBUG Logging initialized using 'class org.apache.ibatis.logging.log4j.Log4jImpl' adapter.
2018-03-15 14:48:52 LogFactory.java DEBUG Logging initialized using 'class org.apache.ibatis.logging.log4j.Log4jImpl' adapter.
2018-03-15 14:48:52 PooledDataSource.java DEBUG PooledDataSource forcefully closed/removed all connections.
2018-03-15 14:48:52 PooledDataSource.java DEBUG PooledDataSource forcefully closed/removed all connections.
2018-03-15 14:48:52 PooledDataSource.java DEBUG PooledDataSource forcefully closed/removed all connections.
2018-03-15 14:48:52 PooledDataSource.java DEBUG PooledDataSource forcefully closed/removed all connections.
2018-03-15 14:49:17 LogFactory.java DEBUG Logging initialized using 'class org.apache.ibatis.logging.log4j.Log4jImpl' adapter.
2018-03-15 14:49:17 LogFactory.java DEBUG Logging initialized using 'class org.apache.ibatis.logging.log4j.Log4jImpl' adapter.
2018-03-15 14:49:17 PooledDataSource.java DEBUG PooledDataSource forcefully closed/removed all connections.
2018-03-15 14:49:17 PooledDataSource.java DEBUG PooledDataSource forcefully closed/removed all connections.
2018-03-15 14:49:17 PooledDataSource.java DEBUG PooledDataSource forcefully closed/removed all connections.
2018-03-15 14:49:17 PooledDataSource.java DEBUG PooledDataSource forcefully closed/removed all connections.
2018-03-15 14:49:17 JdbcTransaction.java DEBUG Openning JDBC Connection
2018-03-15 14:51:28 LogFactory.java DEBUG Logging initialized using 'class org.apache.ibatis.logging.log4j.Log4jImpl' adapter.
2018-03-15 14:51:28 LogFactory.java DEBUG Logging initialized using 'class org.apache.ibatis.logging.log4j.Log4jImpl' adapter.
2018-03-15 14:51:28 PooledDataSource.java DEBUG PooledDataSource forcefully closed/removed all connections.
2018-03-15 14:51:28 PooledDataSource.java DEBUG PooledDataSource forcefully closed/removed all connections.
2018-03-15 14:51:28 PooledDataSource.java DEBUG PooledDataSource forcefully closed/removed all connections.
2018-03-15 14:51:28 PooledDataSource.java DEBUG PooledDataSource forcefully closed/removed all connections.
2018-03-15 14:51:28 JdbcTransaction.java DEBUG Openning JDBC Connection
2018-03-15 14:51:29 PooledDataSource.java DEBUG Created connection 29028063.
2018-03-15 14:51:29 BaseJdbcLogger.java DEBUG ooo Using Connection [com.mysql.jdbc.Connection@1baeedf]
2018-03-15 14:51:29 BaseJdbcLogger.java DEBUG ==>  Preparing: insert into tb_user (name,sex,age) values (?,?,?) 
2018-03-15 14:51:29 BaseJdbcLogger.java DEBUG ==> Parameters: ass.(String), ÄÐ(String), 23(Integer)
2018-03-15 14:51:29 JdbcTransaction.java DEBUG Committing JDBC Connection [com.mysql.jdbc.Connection@1baeedf]
2018-03-15 14:51:29 JdbcTransaction.java DEBUG Resetting autocommit to true on JDBC Connection [com.mysql.jdbc.Connection@1baeedf]
2018-03-15 14:51:29 JdbcTransaction.java DEBUG Closing JDBC Connection [com.mysql.jdbc.Connection@1baeedf]
2018-03-15 14:51:29 PooledDataSource.java DEBUG Returned connection 29028063 to pool.
